{"/Users/jp/projects/dwell-birthday-calendar/src/handlers/admin-update.ts": {"path":"/Users/jp/projects/dwell-birthday-calendar/src/handlers/admin-update.ts","all":false,"statementMap":{"0":{"start":{"line":1,"column":0},"end":{"line":1,"column":45}},"2":{"start":{"line":3,"column":0},"end":{"line":3,"column":56}},"3":{"start":{"line":4,"column":0},"end":{"line":4,"column":59}},"4":{"start":{"line":5,"column":0},"end":{"line":5,"column":55}},"7":{"start":{"line":8,"column":0},"end":{"line":8,"column":53}},"8":{"start":{"line":9,"column":0},"end":{"line":9,"column":17}},"9":{"start":{"line":10,"column":0},"end":{"line":10,"column":11}},"10":{"start":{"line":11,"column":0},"end":{"line":11,"column":87}},"11":{"start":{"line":12,"column":0},"end":{"line":12,"column":7}},"12":{"start":{"line":13,"column":0},"end":{"line":13,"column":3}},"14":{"start":{"line":15,"column":0},"end":{"line":15,"column":68}},"15":{"start":{"line":16,"column":0},"end":{"line":16,"column":45}},"17":{"start":{"line":18,"column":0},"end":{"line":18,"column":42}},"19":{"start":{"line":20,"column":0},"end":{"line":20,"column":9}},"21":{"start":{"line":22,"column":0},"end":{"line":22,"column":48}},"22":{"start":{"line":23,"column":0},"end":{"line":23,"column":70}},"24":{"start":{"line":25,"column":0},"end":{"line":25,"column":30}},"25":{"start":{"line":26,"column":0},"end":{"line":26,"column":61}},"26":{"start":{"line":27,"column":0},"end":{"line":27,"column":7}},"29":{"start":{"line":30,"column":0},"end":{"line":30,"column":37}},"30":{"start":{"line":31,"column":0},"end":{"line":31,"column":11}},"31":{"start":{"line":32,"column":0},"end":{"line":32,"column":52}},"32":{"start":{"line":33,"column":0},"end":{"line":33,"column":23}},"33":{"start":{"line":34,"column":0},"end":{"line":34,"column":57}},"34":{"start":{"line":35,"column":0},"end":{"line":35,"column":42}},"35":{"start":{"line":36,"column":0},"end":{"line":36,"column":73}},"36":{"start":{"line":37,"column":0},"end":{"line":37,"column":26}},"37":{"start":{"line":38,"column":0},"end":{"line":38,"column":10}},"38":{"start":{"line":39,"column":0},"end":{"line":39,"column":7}},"41":{"start":{"line":42,"column":0},"end":{"line":42,"column":11}},"42":{"start":{"line":43,"column":0},"end":{"line":43,"column":58}},"43":{"start":{"line":44,"column":0},"end":{"line":44,"column":23}},"44":{"start":{"line":45,"column":0},"end":{"line":45,"column":67}},"45":{"start":{"line":46,"column":0},"end":{"line":46,"column":42}},"46":{"start":{"line":47,"column":0},"end":{"line":47,"column":102}},"47":{"start":{"line":48,"column":0},"end":{"line":48,"column":26}},"48":{"start":{"line":49,"column":0},"end":{"line":49,"column":10}},"49":{"start":{"line":50,"column":0},"end":{"line":50,"column":7}},"52":{"start":{"line":53,"column":0},"end":{"line":53,"column":64}},"53":{"start":{"line":54,"column":0},"end":{"line":54,"column":59}},"56":{"start":{"line":57,"column":0},"end":{"line":57,"column":40}},"58":{"start":{"line":59,"column":0},"end":{"line":59,"column":58}},"59":{"start":{"line":60,"column":0},"end":{"line":60,"column":53}},"60":{"start":{"line":61,"column":0},"end":{"line":61,"column":9}},"63":{"start":{"line":64,"column":0},"end":{"line":64,"column":56}},"65":{"start":{"line":66,"column":0},"end":{"line":66,"column":21}},"66":{"start":{"line":67,"column":0},"end":{"line":67,"column":64}},"68":{"start":{"line":69,"column":0},"end":{"line":69,"column":38}},"69":{"start":{"line":70,"column":0},"end":{"line":70,"column":20}},"70":{"start":{"line":71,"column":0},"end":{"line":71,"column":7}},"72":{"start":{"line":73,"column":0},"end":{"line":73,"column":64}},"73":{"start":{"line":74,"column":0},"end":{"line":74,"column":5}},"74":{"start":{"line":75,"column":0},"end":{"line":75,"column":3}},"76":{"start":{"line":77,"column":0},"end":{"line":77,"column":81}},"77":{"start":{"line":78,"column":0},"end":{"line":78,"column":64}},"78":{"start":{"line":79,"column":0},"end":{"line":79,"column":44}},"80":{"start":{"line":81,"column":0},"end":{"line":81,"column":18}},"239":{"start":{"line":240,"column":0},"end":{"line":240,"column":58}},"244":{"start":{"line":245,"column":0},"end":{"line":245,"column":58}},"245":{"start":{"line":246,"column":0},"end":{"line":246,"column":87}},"256":{"start":{"line":257,"column":0},"end":{"line":257,"column":44}},"307":{"start":{"line":308,"column":0},"end":{"line":308,"column":12}},"308":{"start":{"line":309,"column":0},"end":{"line":309,"column":17}},"309":{"start":{"line":310,"column":0},"end":{"line":310,"column":18}},"310":{"start":{"line":311,"column":0},"end":{"line":311,"column":16}},"311":{"start":{"line":312,"column":0},"end":{"line":312,"column":35}},"312":{"start":{"line":313,"column":0},"end":{"line":313,"column":7}},"313":{"start":{"line":314,"column":0},"end":{"line":314,"column":6}},"314":{"start":{"line":315,"column":0},"end":{"line":315,"column":3}},"316":{"start":{"line":317,"column":0},"end":{"line":317,"column":95}},"317":{"start":{"line":318,"column":0},"end":{"line":318,"column":18}},"462":{"start":{"line":463,"column":0},"end":{"line":463,"column":29}},"472":{"start":{"line":473,"column":0},"end":{"line":473,"column":43}},"522":{"start":{"line":523,"column":0},"end":{"line":523,"column":12}},"523":{"start":{"line":524,"column":0},"end":{"line":524,"column":17}},"524":{"start":{"line":525,"column":0},"end":{"line":525,"column":18}},"525":{"start":{"line":526,"column":0},"end":{"line":526,"column":16}},"526":{"start":{"line":527,"column":0},"end":{"line":527,"column":35}},"527":{"start":{"line":528,"column":0},"end":{"line":528,"column":7}},"528":{"start":{"line":529,"column":0},"end":{"line":529,"column":6}},"529":{"start":{"line":530,"column":0},"end":{"line":530,"column":3}},"530":{"start":{"line":531,"column":0},"end":{"line":531,"column":1}}},"s":{"0":1,"2":1,"3":1,"4":1,"7":1,"8":1,"9":14,"10":14,"11":14,"12":14,"14":1,"15":14,"17":14,"19":14,"21":14,"22":14,"24":14,"25":1,"26":1,"29":13,"30":13,"31":13,"32":14,"33":2,"34":2,"35":2,"36":2,"37":2,"38":2,"41":11,"42":11,"43":14,"44":1,"45":1,"46":1,"47":1,"48":1,"49":1,"52":10,"53":10,"56":9,"58":8,"59":8,"60":8,"63":8,"65":14,"66":3,"68":3,"69":1,"70":1,"72":2,"73":2,"74":14,"76":1,"77":8,"78":8,"80":8,"239":8,"244":8,"245":8,"256":8,"307":8,"308":8,"309":8,"310":8,"311":8,"312":8,"313":8,"314":8,"316":1,"317":3,"462":3,"472":3,"522":3,"523":3,"524":3,"525":3,"526":3,"527":3,"528":3,"529":3,"530":1},"branchMap":{"0":{"type":"branch","line":9,"loc":{"start":{"line":9,"column":2},"end":{"line":13,"column":3}},"locations":[{"start":{"line":9,"column":2},"end":{"line":13,"column":3}}]},"1":{"type":"branch","line":15,"loc":{"start":{"line":15,"column":2},"end":{"line":75,"column":3}},"locations":[{"start":{"line":15,"column":2},"end":{"line":75,"column":3}}]},"2":{"type":"branch","line":25,"loc":{"start":{"line":25,"column":29},"end":{"line":27,"column":7}},"locations":[{"start":{"line":25,"column":29},"end":{"line":27,"column":7}}]},"3":{"type":"branch","line":27,"loc":{"start":{"line":27,"column":6},"end":{"line":33,"column":15}},"locations":[{"start":{"line":27,"column":6},"end":{"line":33,"column":15}}]},"4":{"type":"branch","line":33,"loc":{"start":{"line":33,"column":6},"end":{"line":39,"column":7}},"locations":[{"start":{"line":33,"column":6},"end":{"line":39,"column":7}}]},"5":{"type":"branch","line":39,"loc":{"start":{"line":39,"column":6},"end":{"line":44,"column":15}},"locations":[{"start":{"line":39,"column":6},"end":{"line":44,"column":15}}]},"6":{"type":"branch","line":44,"loc":{"start":{"line":44,"column":6},"end":{"line":50,"column":7}},"locations":[{"start":{"line":44,"column":6},"end":{"line":50,"column":7}}]},"7":{"type":"branch","line":47,"loc":{"start":{"line":47,"column":63},"end":{"line":47,"column":99}},"locations":[{"start":{"line":47,"column":63},"end":{"line":47,"column":99}}]},"8":{"type":"branch","line":50,"loc":{"start":{"line":50,"column":6},"end":{"line":54,"column":59}},"locations":[{"start":{"line":50,"column":6},"end":{"line":54,"column":59}}]},"9":{"type":"branch","line":54,"loc":{"start":{"line":54,"column":57},"end":{"line":57,"column":40}},"locations":[{"start":{"line":54,"column":57},"end":{"line":57,"column":40}}]},"10":{"type":"branch","line":57,"loc":{"start":{"line":57,"column":38},"end":{"line":66,"column":13}},"locations":[{"start":{"line":57,"column":38},"end":{"line":66,"column":13}}]},"11":{"type":"branch","line":66,"loc":{"start":{"line":66,"column":4},"end":{"line":74,"column":5}},"locations":[{"start":{"line":66,"column":4},"end":{"line":74,"column":5}}]},"12":{"type":"branch","line":69,"loc":{"start":{"line":69,"column":37},"end":{"line":71,"column":7}},"locations":[{"start":{"line":69,"column":37},"end":{"line":71,"column":7}}]},"13":{"type":"branch","line":71,"loc":{"start":{"line":71,"column":6},"end":{"line":74,"column":5}},"locations":[{"start":{"line":71,"column":6},"end":{"line":74,"column":5}}]},"14":{"type":"branch","line":77,"loc":{"start":{"line":77,"column":10},"end":{"line":315,"column":3}},"locations":[{"start":{"line":77,"column":10},"end":{"line":315,"column":3}}]},"15":{"type":"branch","line":317,"loc":{"start":{"line":317,"column":10},"end":{"line":530,"column":3}},"locations":[{"start":{"line":317,"column":10},"end":{"line":530,"column":3}}]}},"b":{"0":[14],"1":[14],"2":[1],"3":[13],"4":[2],"5":[11],"6":[1],"7":[0],"8":[10],"9":[9],"10":[8],"11":[3],"12":[1],"13":[2],"14":[8],"15":[3]},"fnMap":{"0":{"name":"AdminUpdateHandler","decl":{"start":{"line":9,"column":2},"end":{"line":13,"column":3}},"loc":{"start":{"line":9,"column":2},"end":{"line":13,"column":3}},"line":9},"1":{"name":"handle","decl":{"start":{"line":15,"column":2},"end":{"line":75,"column":3}},"loc":{"start":{"line":15,"column":2},"end":{"line":75,"column":3}},"line":15},"2":{"name":"generateSuccessResponse","decl":{"start":{"line":77,"column":10},"end":{"line":315,"column":3}},"loc":{"start":{"line":77,"column":10},"end":{"line":315,"column":3}},"line":77},"3":{"name":"generateErrorResponse","decl":{"start":{"line":317,"column":10},"end":{"line":530,"column":3}},"loc":{"start":{"line":317,"column":10},"end":{"line":530,"column":3}},"line":317}},"f":{"0":14,"1":14,"2":8,"3":3}}
,"/Users/jp/projects/dwell-birthday-calendar/src/handlers/admin.ts": {"path":"/Users/jp/projects/dwell-birthday-calendar/src/handlers/admin.ts","all":true,"statementMap":{"0":{"start":{"line":1,"column":0},"end":{"line":1,"column":45}},"2":{"start":{"line":3,"column":0},"end":{"line":3,"column":56}},"3":{"start":{"line":4,"column":0},"end":{"line":4,"column":55}},"5":{"start":{"line":6,"column":0},"end":{"line":6,"column":47}},"6":{"start":{"line":7,"column":0},"end":{"line":7,"column":17}},"7":{"start":{"line":8,"column":0},"end":{"line":8,"column":11}},"8":{"start":{"line":9,"column":0},"end":{"line":9,"column":87}},"9":{"start":{"line":10,"column":0},"end":{"line":10,"column":7}},"10":{"start":{"line":11,"column":0},"end":{"line":11,"column":3}},"12":{"start":{"line":13,"column":0},"end":{"line":13,"column":68}},"13":{"start":{"line":14,"column":0},"end":{"line":14,"column":45}},"15":{"start":{"line":16,"column":0},"end":{"line":16,"column":40}},"17":{"start":{"line":18,"column":0},"end":{"line":18,"column":9}},"18":{"start":{"line":19,"column":0},"end":{"line":19,"column":64}},"21":{"start":{"line":22,"column":0},"end":{"line":22,"column":66}},"24":{"start":{"line":25,"column":0},"end":{"line":25,"column":64}},"27":{"start":{"line":28,"column":0},"end":{"line":28,"column":66}},"29":{"start":{"line":30,"column":0},"end":{"line":30,"column":70}},"31":{"start":{"line":32,"column":0},"end":{"line":32,"column":14}},"32":{"start":{"line":33,"column":0},"end":{"line":33,"column":19}},"33":{"start":{"line":34,"column":0},"end":{"line":34,"column":20}},"34":{"start":{"line":35,"column":0},"end":{"line":35,"column":18}},"35":{"start":{"line":36,"column":0},"end":{"line":36,"column":37}},"36":{"start":{"line":37,"column":0},"end":{"line":37,"column":9}},"37":{"start":{"line":38,"column":0},"end":{"line":38,"column":8}},"38":{"start":{"line":39,"column":0},"end":{"line":39,"column":21}},"39":{"start":{"line":40,"column":0},"end":{"line":40,"column":60}},"40":{"start":{"line":41,"column":0},"end":{"line":41,"column":60}},"41":{"start":{"line":42,"column":0},"end":{"line":42,"column":5}},"42":{"start":{"line":43,"column":0},"end":{"line":43,"column":3}},"44":{"start":{"line":45,"column":0},"end":{"line":45,"column":120}},"45":{"start":{"line":46,"column":0},"end":{"line":46,"column":49}},"46":{"start":{"line":47,"column":0},"end":{"line":47,"column":58}},"47":{"start":{"line":48,"column":0},"end":{"line":48,"column":16}},"49":{"start":{"line":50,"column":0},"end":{"line":50,"column":12}},"225":{"start":{"line":226,"column":0},"end":{"line":226,"column":66}},"226":{"start":{"line":227,"column":0},"end":{"line":227,"column":106}},"236":{"start":{"line":237,"column":0},"end":{"line":237,"column":39}},"283":{"start":{"line":284,"column":0},"end":{"line":284,"column":3}},"284":{"start":{"line":285,"column":0},"end":{"line":285,"column":1}}},"s":{"0":0,"2":0,"3":0,"5":0,"6":0,"7":0,"8":0,"9":0,"10":0,"12":0,"13":0,"15":0,"17":0,"18":0,"21":0,"24":0,"27":0,"29":0,"31":0,"32":0,"33":0,"34":0,"35":0,"36":0,"37":0,"38":0,"39":0,"40":0,"41":0,"42":0,"44":0,"45":0,"46":0,"47":0,"49":0,"225":0,"226":0,"236":0,"283":0,"284":0},"branchMap":{"0":{"type":"branch","line":1,"loc":{"start":{"line":1,"column":8592},"end":{"line":285,"column":1}},"locations":[{"start":{"line":1,"column":8592},"end":{"line":285,"column":1}}]}},"b":{"0":[0]},"fnMap":{"0":{"name":"(empty-report)","decl":{"start":{"line":1,"column":8592},"end":{"line":285,"column":1}},"loc":{"start":{"line":1,"column":8592},"end":{"line":285,"column":1}},"line":1}},"f":{"0":0}}
,"/Users/jp/projects/dwell-birthday-calendar/src/handlers/base-handler.ts": {"path":"/Users/jp/projects/dwell-birthday-calendar/src/handlers/base-handler.ts","all":false,"statementMap":{"0":{"start":{"line":1,"column":0},"end":{"line":1,"column":55}},"1":{"start":{"line":2,"column":0},"end":{"line":2,"column":70}},"2":{"start":{"line":3,"column":0},"end":{"line":3,"column":55}},"4":{"start":{"line":5,"column":0},"end":{"line":5,"column":108}},"11":{"start":{"line":12,"column":0},"end":{"line":12,"column":35}},"12":{"start":{"line":13,"column":0},"end":{"line":13,"column":49}},"14":{"start":{"line":15,"column":0},"end":{"line":15,"column":49}},"15":{"start":{"line":16,"column":0},"end":{"line":16,"column":20}},"16":{"start":{"line":17,"column":0},"end":{"line":17,"column":41}},"17":{"start":{"line":18,"column":0},"end":{"line":18,"column":16}},"18":{"start":{"line":19,"column":0},"end":{"line":19,"column":6}},"19":{"start":{"line":20,"column":0},"end":{"line":20,"column":3}},"29":{"start":{"line":30,"column":0},"end":{"line":30,"column":23}},"30":{"start":{"line":31,"column":0},"end":{"line":31,"column":21}},"31":{"start":{"line":32,"column":0},"end":{"line":32,"column":13}},"32":{"start":{"line":33,"column":0},"end":{"line":33,"column":26}},"33":{"start":{"line":34,"column":0},"end":{"line":34,"column":24}},"34":{"start":{"line":35,"column":0},"end":{"line":35,"column":70}},"35":{"start":{"line":36,"column":0},"end":{"line":36,"column":61}},"37":{"start":{"line":38,"column":0},"end":{"line":38,"column":51}},"39":{"start":{"line":40,"column":0},"end":{"line":40,"column":54}},"40":{"start":{"line":41,"column":0},"end":{"line":41,"column":42}},"41":{"start":{"line":42,"column":0},"end":{"line":42,"column":60}},"42":{"start":{"line":43,"column":0},"end":{"line":43,"column":49}},"43":{"start":{"line":44,"column":0},"end":{"line":44,"column":63}},"44":{"start":{"line":45,"column":0},"end":{"line":45,"column":9}},"46":{"start":{"line":47,"column":0},"end":{"line":47,"column":52}},"47":{"start":{"line":48,"column":0},"end":{"line":48,"column":33}},"48":{"start":{"line":49,"column":0},"end":{"line":49,"column":35}},"49":{"start":{"line":50,"column":0},"end":{"line":50,"column":14}},"50":{"start":{"line":51,"column":0},"end":{"line":51,"column":11}},"51":{"start":{"line":52,"column":0},"end":{"line":52,"column":7}},"53":{"start":{"line":54,"column":0},"end":{"line":54,"column":50}},"54":{"start":{"line":55,"column":0},"end":{"line":55,"column":37}},"55":{"start":{"line":56,"column":0},"end":{"line":56,"column":7}},"56":{"start":{"line":57,"column":0},"end":{"line":57,"column":3}},"57":{"start":{"line":58,"column":0},"end":{"line":58,"column":1}},"62":{"start":{"line":63,"column":0},"end":{"line":63,"column":60}},"63":{"start":{"line":64,"column":0},"end":{"line":64,"column":49}},"64":{"start":{"line":65,"column":0},"end":{"line":65,"column":11}},"65":{"start":{"line":66,"column":0},"end":{"line":66,"column":41}},"66":{"start":{"line":67,"column":0},"end":{"line":67,"column":16}},"67":{"start":{"line":68,"column":0},"end":{"line":68,"column":7}},"68":{"start":{"line":69,"column":0},"end":{"line":69,"column":3}},"73":{"start":{"line":74,"column":0},"end":{"line":74,"column":77}},"74":{"start":{"line":75,"column":0},"end":{"line":75,"column":9}},"75":{"start":{"line":76,"column":0},"end":{"line":76,"column":48}},"76":{"start":{"line":77,"column":0},"end":{"line":77,"column":30}},"77":{"start":{"line":78,"column":0},"end":{"line":78,"column":21}},"78":{"start":{"line":79,"column":0},"end":{"line":79,"column":71}},"79":{"start":{"line":80,"column":0},"end":{"line":80,"column":54}},"80":{"start":{"line":81,"column":0},"end":{"line":81,"column":5}},"81":{"start":{"line":82,"column":0},"end":{"line":82,"column":3}},"82":{"start":{"line":83,"column":0},"end":{"line":83,"column":1}},"87":{"start":{"line":88,"column":0},"end":{"line":88,"column":67}},"88":{"start":{"line":89,"column":0},"end":{"line":89,"column":49}},"89":{"start":{"line":90,"column":0},"end":{"line":90,"column":11}},"90":{"start":{"line":91,"column":0},"end":{"line":91,"column":41}},"91":{"start":{"line":92,"column":0},"end":{"line":92,"column":16}},"92":{"start":{"line":93,"column":0},"end":{"line":93,"column":7}},"93":{"start":{"line":94,"column":0},"end":{"line":94,"column":3}},"98":{"start":{"line":99,"column":0},"end":{"line":99,"column":97}},"99":{"start":{"line":100,"column":0},"end":{"line":100,"column":9}},"100":{"start":{"line":101,"column":0},"end":{"line":101,"column":48}},"101":{"start":{"line":102,"column":0},"end":{"line":102,"column":49}},"103":{"start":{"line":104,"column":0},"end":{"line":104,"column":49}},"104":{"start":{"line":105,"column":0},"end":{"line":105,"column":54}},"105":{"start":{"line":106,"column":0},"end":{"line":106,"column":29}},"106":{"start":{"line":107,"column":0},"end":{"line":107,"column":7}},"108":{"start":{"line":109,"column":0},"end":{"line":109,"column":21}},"109":{"start":{"line":110,"column":0},"end":{"line":110,"column":21}},"110":{"start":{"line":111,"column":0},"end":{"line":111,"column":73}},"111":{"start":{"line":112,"column":0},"end":{"line":112,"column":54}},"112":{"start":{"line":113,"column":0},"end":{"line":113,"column":5}},"113":{"start":{"line":114,"column":0},"end":{"line":114,"column":3}},"114":{"start":{"line":115,"column":0},"end":{"line":115,"column":1}}},"s":{"0":1,"1":1,"2":1,"4":1,"11":1,"12":1,"14":1,"15":14,"16":14,"17":14,"18":14,"19":14,"29":1,"30":0,"31":0,"32":0,"33":0,"34":0,"35":0,"37":0,"39":0,"40":0,"41":0,"42":0,"43":0,"44":0,"46":0,"47":0,"48":0,"49":0,"50":0,"51":0,"53":0,"54":0,"55":0,"56":0,"57":1,"62":1,"63":1,"64":0,"65":0,"66":0,"67":0,"68":0,"73":1,"74":0,"75":0,"76":0,"77":0,"78":0,"79":0,"80":0,"81":0,"82":1,"87":1,"88":1,"89":0,"90":0,"91":0,"92":0,"93":0,"98":1,"99":0,"100":0,"101":0,"103":0,"104":0,"105":0,"106":0,"108":0,"109":0,"110":0,"111":0,"112":0,"113":0,"114":1},"branchMap":{"0":{"type":"branch","line":13,"loc":{"start":{"line":13,"column":21},"end":{"line":13,"column":49}},"locations":[{"start":{"line":13,"column":21},"end":{"line":13,"column":49}}]},"1":{"type":"branch","line":15,"loc":{"start":{"line":15,"column":2},"end":{"line":20,"column":3}},"locations":[{"start":{"line":15,"column":2},"end":{"line":20,"column":3}}]}},"b":{"0":[14],"1":[14]},"fnMap":{"0":{"name":"<instance_members_initializer>","decl":{"start":{"line":13,"column":21},"end":{"line":13,"column":49}},"loc":{"start":{"line":13,"column":21},"end":{"line":13,"column":49}},"line":13},"1":{"name":"BaseHandler","decl":{"start":{"line":15,"column":2},"end":{"line":20,"column":3}},"loc":{"start":{"line":15,"column":2},"end":{"line":20,"column":3}},"line":15},"2":{"name":"processRequest","decl":{"start":{"line":30,"column":2},"end":{"line":57,"column":3}},"loc":{"start":{"line":30,"column":2},"end":{"line":57,"column":3}},"line":30},"3":{"name":"BaseSlackHandler","decl":{"start":{"line":64,"column":2},"end":{"line":69,"column":3}},"loc":{"start":{"line":64,"column":2},"end":{"line":69,"column":3}},"line":64},"4":{"name":"parseSlackPayload","decl":{"start":{"line":74,"column":2},"end":{"line":82,"column":3}},"loc":{"start":{"line":74,"column":2},"end":{"line":82,"column":3}},"line":74},"5":{"name":"BaseSlackCommandHandler","decl":{"start":{"line":89,"column":2},"end":{"line":94,"column":3}},"loc":{"start":{"line":89,"column":2},"end":{"line":94,"column":3}},"line":89},"6":{"name":"parseCommandPayload","decl":{"start":{"line":99,"column":2},"end":{"line":114,"column":3}},"loc":{"start":{"line":99,"column":2},"end":{"line":114,"column":3}},"line":99}},"f":{"0":14,"1":14,"2":0,"3":0,"4":0,"5":0,"6":0}}
,"/Users/jp/projects/dwell-birthday-calendar/src/handlers/index.ts": {"path":"/Users/jp/projects/dwell-birthday-calendar/src/handlers/index.ts","all":true,"statementMap":{"1":{"start":{"line":2,"column":0},"end":{"line":2,"column":88}},"5":{"start":{"line":6,"column":0},"end":{"line":6,"column":51}},"6":{"start":{"line":7,"column":0},"end":{"line":7,"column":55}},"7":{"start":{"line":8,"column":0},"end":{"line":8,"column":61}},"8":{"start":{"line":9,"column":0},"end":{"line":9,"column":46}}},"s":{"1":0,"5":0,"6":0,"7":0,"8":0},"branchMap":{"0":{"type":"branch","line":1,"loc":{"start":{"line":1,"column":402},"end":{"line":9,"column":46}},"locations":[{"start":{"line":1,"column":402},"end":{"line":9,"column":46}}]}},"b":{"0":[1]},"fnMap":{"0":{"name":"(empty-report)","decl":{"start":{"line":1,"column":402},"end":{"line":9,"column":46}},"loc":{"start":{"line":1,"column":402},"end":{"line":9,"column":46}},"line":1}},"f":{"0":1}}
,"/Users/jp/projects/dwell-birthday-calendar/src/handlers/oauth.ts": {"path":"/Users/jp/projects/dwell-birthday-calendar/src/handlers/oauth.ts","all":true,"statementMap":{"1":{"start":{"line":2,"column":0},"end":{"line":2,"column":47}},"2":{"start":{"line":3,"column":0},"end":{"line":3,"column":55}},"3":{"start":{"line":4,"column":0},"end":{"line":4,"column":56}},"6":{"start":{"line":7,"column":0},"end":{"line":7,"column":42}},"7":{"start":{"line":8,"column":0},"end":{"line":8,"column":19}},"8":{"start":{"line":9,"column":0},"end":{"line":9,"column":11}},"9":{"start":{"line":10,"column":0},"end":{"line":10,"column":24}},"10":{"start":{"line":11,"column":0},"end":{"line":11,"column":22}},"11":{"start":{"line":12,"column":0},"end":{"line":12,"column":39}},"12":{"start":{"line":13,"column":0},"end":{"line":13,"column":49}},"14":{"start":{"line":15,"column":0},"end":{"line":15,"column":35}},"15":{"start":{"line":16,"column":0},"end":{"line":16,"column":44}},"16":{"start":{"line":17,"column":0},"end":{"line":17,"column":46}},"18":{"start":{"line":19,"column":0},"end":{"line":19,"column":14}},"19":{"start":{"line":20,"column":0},"end":{"line":20,"column":52}},"20":{"start":{"line":21,"column":0},"end":{"line":21,"column":66}},"21":{"start":{"line":22,"column":0},"end":{"line":22,"column":3}},"23":{"start":{"line":24,"column":0},"end":{"line":24,"column":14}},"24":{"start":{"line":25,"column":0},"end":{"line":25,"column":51}},"25":{"start":{"line":26,"column":0},"end":{"line":26,"column":58}},"26":{"start":{"line":27,"column":0},"end":{"line":27,"column":3}},"28":{"start":{"line":29,"column":0},"end":{"line":29,"column":57}},"29":{"start":{"line":30,"column":0},"end":{"line":30,"column":52}},"30":{"start":{"line":31,"column":0},"end":{"line":31,"column":52}},"31":{"start":{"line":32,"column":0},"end":{"line":32,"column":3}},"33":{"start":{"line":34,"column":0},"end":{"line":34,"column":7}},"34":{"start":{"line":35,"column":0},"end":{"line":35,"column":80}},"35":{"start":{"line":36,"column":0},"end":{"line":36,"column":21}},"36":{"start":{"line":37,"column":0},"end":{"line":37,"column":16}},"37":{"start":{"line":38,"column":0},"end":{"line":38,"column":60}},"38":{"start":{"line":39,"column":0},"end":{"line":39,"column":8}},"39":{"start":{"line":40,"column":0},"end":{"line":40,"column":33}},"40":{"start":{"line":41,"column":0},"end":{"line":41,"column":39}},"41":{"start":{"line":42,"column":0},"end":{"line":42,"column":47}},"42":{"start":{"line":43,"column":0},"end":{"line":43,"column":13}},"43":{"start":{"line":44,"column":0},"end":{"line":44,"column":9}},"44":{"start":{"line":45,"column":0},"end":{"line":45,"column":7}},"46":{"start":{"line":47,"column":0},"end":{"line":47,"column":69}},"48":{"start":{"line":49,"column":0},"end":{"line":49,"column":24}},"49":{"start":{"line":50,"column":0},"end":{"line":50,"column":75}},"50":{"start":{"line":51,"column":0},"end":{"line":51,"column":71}},"51":{"start":{"line":52,"column":0},"end":{"line":52,"column":5}},"53":{"start":{"line":54,"column":0},"end":{"line":54,"column":38}},"54":{"start":{"line":55,"column":0},"end":{"line":55,"column":32}},"55":{"start":{"line":56,"column":0},"end":{"line":56,"column":30}},"56":{"start":{"line":57,"column":0},"end":{"line":57,"column":7}},"59":{"start":{"line":60,"column":0},"end":{"line":60,"column":9}},"60":{"start":{"line":61,"column":0},"end":{"line":61,"column":64}},"62":{"start":{"line":63,"column":0},"end":{"line":63,"column":47}},"63":{"start":{"line":64,"column":0},"end":{"line":64,"column":34}},"64":{"start":{"line":65,"column":0},"end":{"line":65,"column":44}},"65":{"start":{"line":66,"column":0},"end":{"line":66,"column":79}},"66":{"start":{"line":67,"column":0},"end":{"line":67,"column":32}},"67":{"start":{"line":68,"column":0},"end":{"line":68,"column":8}},"69":{"start":{"line":70,"column":0},"end":{"line":70,"column":78}},"70":{"start":{"line":71,"column":0},"end":{"line":71,"column":90}},"71":{"start":{"line":72,"column":0},"end":{"line":72,"column":28}},"72":{"start":{"line":73,"column":0},"end":{"line":73,"column":58}},"73":{"start":{"line":74,"column":0},"end":{"line":74,"column":35}},"74":{"start":{"line":75,"column":0},"end":{"line":75,"column":28}},"75":{"start":{"line":76,"column":0},"end":{"line":76,"column":9}},"78":{"start":{"line":79,"column":0},"end":{"line":79,"column":5}},"80":{"start":{"line":81,"column":0},"end":{"line":81,"column":18}},"98":{"start":{"line":99,"column":0},"end":{"line":99,"column":105}},"103":{"start":{"line":104,"column":0},"end":{"line":104,"column":31}},"104":{"start":{"line":105,"column":0},"end":{"line":105,"column":47}},"105":{"start":{"line":106,"column":0},"end":{"line":106,"column":7}},"107":{"start":{"line":108,"column":0},"end":{"line":108,"column":19}},"108":{"start":{"line":109,"column":0},"end":{"line":109,"column":49}},"109":{"start":{"line":110,"column":0},"end":{"line":110,"column":49}},"110":{"start":{"line":111,"column":0},"end":{"line":111,"column":3}},"111":{"start":{"line":112,"column":0},"end":{"line":112,"column":1}}},"s":{"1":0,"2":0,"3":0,"6":0,"7":0,"8":0,"9":0,"10":0,"11":0,"12":0,"14":0,"15":0,"16":0,"18":0,"19":0,"20":0,"21":0,"23":0,"24":0,"25":0,"26":0,"28":0,"29":0,"30":0,"31":0,"33":0,"34":0,"35":0,"36":0,"37":0,"38":0,"39":0,"40":0,"41":0,"42":0,"43":0,"44":0,"46":0,"48":0,"49":0,"50":0,"51":0,"53":0,"54":0,"55":0,"56":0,"59":0,"60":0,"62":0,"63":0,"64":0,"65":0,"66":0,"67":0,"69":0,"70":0,"71":0,"72":0,"73":0,"74":0,"75":0,"78":0,"80":0,"98":0,"103":0,"104":0,"105":0,"107":0,"108":0,"109":0,"110":0,"111":0},"branchMap":{"0":{"type":"branch","line":1,"loc":{"start":{"line":1,"column":3665},"end":{"line":112,"column":1}},"locations":[{"start":{"line":1,"column":3665},"end":{"line":112,"column":1}}]}},"b":{"0":[1]},"fnMap":{"0":{"name":"(empty-report)","decl":{"start":{"line":1,"column":3665},"end":{"line":112,"column":1}},"loc":{"start":{"line":1,"column":3665},"end":{"line":112,"column":1}},"line":1}},"f":{"0":1}}
,"/Users/jp/projects/dwell-birthday-calendar/src/handlers/scheduled.ts": {"path":"/Users/jp/projects/dwell-birthday-calendar/src/handlers/scheduled.ts","all":true,"statementMap":{"1":{"start":{"line":2,"column":0},"end":{"line":2,"column":56}},"2":{"start":{"line":3,"column":0},"end":{"line":3,"column":72}},"3":{"start":{"line":4,"column":0},"end":{"line":4,"column":63}},"4":{"start":{"line":5,"column":0},"end":{"line":5,"column":9}},"25":{"start":{"line":26,"column":0},"end":{"line":26,"column":43}},"26":{"start":{"line":27,"column":0},"end":{"line":27,"column":34}},"27":{"start":{"line":28,"column":0},"end":{"line":28,"column":11}},"28":{"start":{"line":29,"column":0},"end":{"line":29,"column":41}},"29":{"start":{"line":30,"column":0},"end":{"line":30,"column":18}},"30":{"start":{"line":31,"column":0},"end":{"line":31,"column":31}},"32":{"start":{"line":33,"column":0},"end":{"line":33,"column":7}},"33":{"start":{"line":34,"column":0},"end":{"line":34,"column":46}},"34":{"start":{"line":35,"column":0},"end":{"line":35,"column":28}},"35":{"start":{"line":36,"column":0},"end":{"line":36,"column":69}},"36":{"start":{"line":37,"column":0},"end":{"line":37,"column":7}},"39":{"start":{"line":40,"column":0},"end":{"line":40,"column":30}},"40":{"start":{"line":41,"column":0},"end":{"line":41,"column":23}},"42":{"start":{"line":43,"column":0},"end":{"line":43,"column":63}},"43":{"start":{"line":44,"column":0},"end":{"line":44,"column":14}},"45":{"start":{"line":46,"column":0},"end":{"line":46,"column":28}},"47":{"start":{"line":48,"column":0},"end":{"line":48,"column":58}},"48":{"start":{"line":49,"column":0},"end":{"line":49,"column":14}},"50":{"start":{"line":51,"column":0},"end":{"line":51,"column":23}},"52":{"start":{"line":53,"column":0},"end":{"line":53,"column":64}},"53":{"start":{"line":54,"column":0},"end":{"line":54,"column":14}},"55":{"start":{"line":56,"column":0},"end":{"line":56,"column":25}},"57":{"start":{"line":58,"column":0},"end":{"line":58,"column":57}},"58":{"start":{"line":59,"column":0},"end":{"line":59,"column":14}},"60":{"start":{"line":61,"column":0},"end":{"line":61,"column":14}},"61":{"start":{"line":62,"column":0},"end":{"line":62,"column":72}},"62":{"start":{"line":63,"column":0},"end":{"line":63,"column":37}},"63":{"start":{"line":64,"column":0},"end":{"line":64,"column":54}},"64":{"start":{"line":65,"column":0},"end":{"line":65,"column":26}},"65":{"start":{"line":66,"column":0},"end":{"line":66,"column":19}},"66":{"start":{"line":67,"column":0},"end":{"line":67,"column":10}},"67":{"start":{"line":68,"column":0},"end":{"line":68,"column":5}},"69":{"start":{"line":70,"column":0},"end":{"line":70,"column":44}},"70":{"start":{"line":71,"column":0},"end":{"line":71,"column":46}},"71":{"start":{"line":72,"column":0},"end":{"line":72,"column":28}},"72":{"start":{"line":73,"column":0},"end":{"line":73,"column":15}},"73":{"start":{"line":74,"column":0},"end":{"line":74,"column":19}},"74":{"start":{"line":75,"column":0},"end":{"line":75,"column":7}},"76":{"start":{"line":77,"column":0},"end":{"line":77,"column":19}},"77":{"start":{"line":78,"column":0},"end":{"line":78,"column":44}},"78":{"start":{"line":79,"column":0},"end":{"line":79,"column":31}},"80":{"start":{"line":81,"column":0},"end":{"line":81,"column":44}},"81":{"start":{"line":82,"column":0},"end":{"line":82,"column":28}},"82":{"start":{"line":83,"column":0},"end":{"line":83,"column":15}},"83":{"start":{"line":84,"column":0},"end":{"line":84,"column":25}},"84":{"start":{"line":85,"column":0},"end":{"line":85,"column":22}},"85":{"start":{"line":86,"column":0},"end":{"line":86,"column":7}},"89":{"start":{"line":90,"column":0},"end":{"line":90,"column":3}},"90":{"start":{"line":91,"column":0},"end":{"line":91,"column":1}},"92":{"start":{"line":93,"column":0},"end":{"line":93,"column":39}},"93":{"start":{"line":94,"column":0},"end":{"line":94,"column":34}},"94":{"start":{"line":95,"column":0},"end":{"line":95,"column":11}},"95":{"start":{"line":96,"column":0},"end":{"line":96,"column":41}},"96":{"start":{"line":97,"column":0},"end":{"line":97,"column":18}},"97":{"start":{"line":98,"column":0},"end":{"line":98,"column":84}},"99":{"start":{"line":100,"column":0},"end":{"line":100,"column":48}},"100":{"start":{"line":101,"column":0},"end":{"line":101,"column":86}},"101":{"start":{"line":102,"column":0},"end":{"line":102,"column":64}},"102":{"start":{"line":103,"column":0},"end":{"line":103,"column":88}},"104":{"start":{"line":105,"column":0},"end":{"line":105,"column":48}},"107":{"start":{"line":108,"column":0},"end":{"line":108,"column":37}},"108":{"start":{"line":109,"column":0},"end":{"line":109,"column":44}},"109":{"start":{"line":110,"column":0},"end":{"line":110,"column":35}},"110":{"start":{"line":111,"column":0},"end":{"line":111,"column":27}},"111":{"start":{"line":112,"column":0},"end":{"line":112,"column":6}},"114":{"start":{"line":115,"column":0},"end":{"line":115,"column":43}},"115":{"start":{"line":116,"column":0},"end":{"line":116,"column":38}},"116":{"start":{"line":117,"column":0},"end":{"line":117,"column":28}},"117":{"start":{"line":118,"column":0},"end":{"line":118,"column":32}},"118":{"start":{"line":119,"column":0},"end":{"line":119,"column":30}},"119":{"start":{"line":120,"column":0},"end":{"line":120,"column":17}},"120":{"start":{"line":121,"column":0},"end":{"line":121,"column":27}},"121":{"start":{"line":122,"column":0},"end":{"line":122,"column":7}},"123":{"start":{"line":124,"column":0},"end":{"line":124,"column":50}},"124":{"start":{"line":125,"column":0},"end":{"line":125,"column":30}},"125":{"start":{"line":126,"column":0},"end":{"line":126,"column":49}},"126":{"start":{"line":127,"column":0},"end":{"line":127,"column":35}},"127":{"start":{"line":128,"column":0},"end":{"line":128,"column":31}},"128":{"start":{"line":129,"column":0},"end":{"line":129,"column":7}},"130":{"start":{"line":131,"column":0},"end":{"line":131,"column":26}},"131":{"start":{"line":132,"column":0},"end":{"line":132,"column":35}},"132":{"start":{"line":133,"column":0},"end":{"line":133,"column":66}},"133":{"start":{"line":134,"column":0},"end":{"line":134,"column":24}},"134":{"start":{"line":135,"column":0},"end":{"line":135,"column":29}},"135":{"start":{"line":136,"column":0},"end":{"line":136,"column":8}},"136":{"start":{"line":137,"column":0},"end":{"line":137,"column":5}},"137":{"start":{"line":138,"column":0},"end":{"line":138,"column":14}},"138":{"start":{"line":139,"column":0},"end":{"line":139,"column":1}},"140":{"start":{"line":141,"column":0},"end":{"line":141,"column":34}},"141":{"start":{"line":142,"column":0},"end":{"line":142,"column":34}},"142":{"start":{"line":143,"column":0},"end":{"line":143,"column":11}},"143":{"start":{"line":144,"column":0},"end":{"line":144,"column":41}},"144":{"start":{"line":145,"column":0},"end":{"line":145,"column":18}},"145":{"start":{"line":146,"column":0},"end":{"line":146,"column":78}},"147":{"start":{"line":148,"column":0},"end":{"line":148,"column":48}},"148":{"start":{"line":149,"column":0},"end":{"line":149,"column":86}},"149":{"start":{"line":150,"column":0},"end":{"line":150,"column":64}},"150":{"start":{"line":151,"column":0},"end":{"line":151,"column":88}},"152":{"start":{"line":153,"column":0},"end":{"line":153,"column":42}},"155":{"start":{"line":156,"column":0},"end":{"line":156,"column":37}},"156":{"start":{"line":157,"column":0},"end":{"line":157,"column":56}},"157":{"start":{"line":158,"column":0},"end":{"line":158,"column":34}},"158":{"start":{"line":159,"column":0},"end":{"line":159,"column":21}},"159":{"start":{"line":160,"column":0},"end":{"line":160,"column":6}},"162":{"start":{"line":163,"column":0},"end":{"line":163,"column":43}},"163":{"start":{"line":164,"column":0},"end":{"line":164,"column":32}},"164":{"start":{"line":165,"column":0},"end":{"line":165,"column":28}},"165":{"start":{"line":166,"column":0},"end":{"line":166,"column":32}},"166":{"start":{"line":167,"column":0},"end":{"line":167,"column":30}},"167":{"start":{"line":168,"column":0},"end":{"line":168,"column":17}},"168":{"start":{"line":169,"column":0},"end":{"line":169,"column":27}},"169":{"start":{"line":170,"column":0},"end":{"line":170,"column":7}},"171":{"start":{"line":172,"column":0},"end":{"line":172,"column":44}},"172":{"start":{"line":173,"column":0},"end":{"line":173,"column":30}},"173":{"start":{"line":174,"column":0},"end":{"line":174,"column":54}},"174":{"start":{"line":175,"column":0},"end":{"line":175,"column":35}},"175":{"start":{"line":176,"column":0},"end":{"line":176,"column":31}},"176":{"start":{"line":177,"column":0},"end":{"line":177,"column":7}},"178":{"start":{"line":179,"column":0},"end":{"line":179,"column":54}},"179":{"start":{"line":180,"column":0},"end":{"line":180,"column":62}},"180":{"start":{"line":181,"column":0},"end":{"line":181,"column":29}},"181":{"start":{"line":182,"column":0},"end":{"line":182,"column":9}},"182":{"start":{"line":183,"column":0},"end":{"line":183,"column":5}},"183":{"start":{"line":184,"column":0},"end":{"line":184,"column":14}},"184":{"start":{"line":185,"column":0},"end":{"line":185,"column":1}},"186":{"start":{"line":187,"column":0},"end":{"line":187,"column":40}},"187":{"start":{"line":188,"column":0},"end":{"line":188,"column":34}},"188":{"start":{"line":189,"column":0},"end":{"line":189,"column":11}},"189":{"start":{"line":190,"column":0},"end":{"line":190,"column":41}},"190":{"start":{"line":191,"column":0},"end":{"line":191,"column":18}},"191":{"start":{"line":192,"column":0},"end":{"line":192,"column":84}},"193":{"start":{"line":194,"column":0},"end":{"line":194,"column":48}},"194":{"start":{"line":195,"column":0},"end":{"line":195,"column":86}},"195":{"start":{"line":196,"column":0},"end":{"line":196,"column":64}},"196":{"start":{"line":197,"column":0},"end":{"line":197,"column":88}},"198":{"start":{"line":199,"column":0},"end":{"line":199,"column":48}},"201":{"start":{"line":202,"column":0},"end":{"line":202,"column":49}},"202":{"start":{"line":203,"column":0},"end":{"line":203,"column":41}},"203":{"start":{"line":204,"column":0},"end":{"line":204,"column":35}},"204":{"start":{"line":205,"column":0},"end":{"line":205,"column":27}},"205":{"start":{"line":206,"column":0},"end":{"line":206,"column":6}},"208":{"start":{"line":209,"column":0},"end":{"line":209,"column":66}},"211":{"start":{"line":212,"column":0},"end":{"line":212,"column":47}},"214":{"start":{"line":215,"column":0},"end":{"line":215,"column":43}},"215":{"start":{"line":216,"column":0},"end":{"line":216,"column":38}},"216":{"start":{"line":217,"column":0},"end":{"line":217,"column":28}},"217":{"start":{"line":218,"column":0},"end":{"line":218,"column":44}},"218":{"start":{"line":219,"column":0},"end":{"line":219,"column":54}},"219":{"start":{"line":220,"column":0},"end":{"line":220,"column":17}},"220":{"start":{"line":221,"column":0},"end":{"line":221,"column":27}},"221":{"start":{"line":222,"column":0},"end":{"line":222,"column":7}},"223":{"start":{"line":224,"column":0},"end":{"line":224,"column":50}},"224":{"start":{"line":225,"column":0},"end":{"line":225,"column":21}},"225":{"start":{"line":226,"column":0},"end":{"line":226,"column":44}},"226":{"start":{"line":227,"column":0},"end":{"line":227,"column":48}},"227":{"start":{"line":228,"column":0},"end":{"line":228,"column":48}},"228":{"start":{"line":229,"column":0},"end":{"line":229,"column":8}},"229":{"start":{"line":230,"column":0},"end":{"line":230,"column":24}},"230":{"start":{"line":231,"column":0},"end":{"line":231,"column":43}},"231":{"start":{"line":232,"column":0},"end":{"line":232,"column":7}},"233":{"start":{"line":234,"column":0},"end":{"line":234,"column":47}},"234":{"start":{"line":235,"column":0},"end":{"line":235,"column":53}},"235":{"start":{"line":236,"column":0},"end":{"line":236,"column":41}},"236":{"start":{"line":237,"column":0},"end":{"line":237,"column":9}},"237":{"start":{"line":238,"column":0},"end":{"line":238,"column":5}},"238":{"start":{"line":239,"column":0},"end":{"line":239,"column":14}},"239":{"start":{"line":240,"column":0},"end":{"line":240,"column":1}},"241":{"start":{"line":242,"column":0},"end":{"line":242,"column":33}},"242":{"start":{"line":243,"column":0},"end":{"line":243,"column":34}},"243":{"start":{"line":244,"column":0},"end":{"line":244,"column":11}},"244":{"start":{"line":245,"column":0},"end":{"line":245,"column":41}},"245":{"start":{"line":246,"column":0},"end":{"line":246,"column":18}},"246":{"start":{"line":247,"column":0},"end":{"line":247,"column":77}},"248":{"start":{"line":249,"column":0},"end":{"line":249,"column":48}},"249":{"start":{"line":250,"column":0},"end":{"line":250,"column":86}},"250":{"start":{"line":251,"column":0},"end":{"line":251,"column":64}},"251":{"start":{"line":252,"column":0},"end":{"line":252,"column":88}},"253":{"start":{"line":254,"column":0},"end":{"line":254,"column":42}},"256":{"start":{"line":257,"column":0},"end":{"line":257,"column":43}},"257":{"start":{"line":258,"column":0},"end":{"line":258,"column":46}},"258":{"start":{"line":259,"column":0},"end":{"line":259,"column":34}},"259":{"start":{"line":260,"column":0},"end":{"line":260,"column":20}},"260":{"start":{"line":261,"column":0},"end":{"line":261,"column":6}},"263":{"start":{"line":264,"column":0},"end":{"line":264,"column":58}},"266":{"start":{"line":267,"column":0},"end":{"line":267,"column":43}},"267":{"start":{"line":268,"column":0},"end":{"line":268,"column":31}},"268":{"start":{"line":269,"column":0},"end":{"line":269,"column":28}},"269":{"start":{"line":270,"column":0},"end":{"line":270,"column":60}},"270":{"start":{"line":271,"column":0},"end":{"line":271,"column":36}},"271":{"start":{"line":272,"column":0},"end":{"line":272,"column":17}},"272":{"start":{"line":273,"column":0},"end":{"line":273,"column":27}},"273":{"start":{"line":274,"column":0},"end":{"line":274,"column":7}},"275":{"start":{"line":276,"column":0},"end":{"line":276,"column":31}},"276":{"start":{"line":277,"column":0},"end":{"line":277,"column":53}},"277":{"start":{"line":278,"column":0},"end":{"line":278,"column":12}},"278":{"start":{"line":279,"column":0},"end":{"line":279,"column":42}},"279":{"start":{"line":280,"column":0},"end":{"line":280,"column":36}},"280":{"start":{"line":281,"column":0},"end":{"line":281,"column":13}},"281":{"start":{"line":282,"column":0},"end":{"line":282,"column":9}},"282":{"start":{"line":283,"column":0},"end":{"line":283,"column":5}},"283":{"start":{"line":284,"column":0},"end":{"line":284,"column":15}},"284":{"start":{"line":285,"column":0},"end":{"line":285,"column":70}},"285":{"start":{"line":286,"column":0},"end":{"line":286,"column":20}},"286":{"start":{"line":287,"column":0},"end":{"line":287,"column":19}},"287":{"start":{"line":288,"column":0},"end":{"line":288,"column":20}},"288":{"start":{"line":289,"column":0},"end":{"line":289,"column":5}},"289":{"start":{"line":290,"column":0},"end":{"line":290,"column":1}}},"s":{"1":0,"2":0,"3":0,"4":0,"25":0,"26":0,"27":0,"28":0,"29":0,"30":0,"32":0,"33":0,"34":0,"35":0,"36":0,"39":0,"40":0,"42":0,"43":0,"45":0,"47":0,"48":0,"50":0,"52":0,"53":0,"55":0,"57":0,"58":0,"60":0,"61":0,"62":0,"63":0,"64":0,"65":0,"66":0,"67":0,"69":0,"70":0,"71":0,"72":0,"73":0,"74":0,"76":0,"77":0,"78":0,"80":0,"81":0,"82":0,"83":0,"84":0,"85":0,"89":0,"90":0,"92":0,"93":0,"94":0,"95":0,"96":0,"97":0,"99":0,"100":0,"101":0,"102":0,"104":0,"107":0,"108":0,"109":0,"110":0,"111":0,"114":0,"115":0,"116":0,"117":0,"118":0,"119":0,"120":0,"121":0,"123":0,"124":0,"125":0,"126":0,"127":0,"128":0,"130":0,"131":0,"132":0,"133":0,"134":0,"135":0,"136":0,"137":0,"138":0,"140":0,"141":0,"142":0,"143":0,"144":0,"145":0,"147":0,"148":0,"149":0,"150":0,"152":0,"155":0,"156":0,"157":0,"158":0,"159":0,"162":0,"163":0,"164":0,"165":0,"166":0,"167":0,"168":0,"169":0,"171":0,"172":0,"173":0,"174":0,"175":0,"176":0,"178":0,"179":0,"180":0,"181":0,"182":0,"183":0,"184":0,"186":0,"187":0,"188":0,"189":0,"190":0,"191":0,"193":0,"194":0,"195":0,"196":0,"198":0,"201":0,"202":0,"203":0,"204":0,"205":0,"208":0,"211":0,"214":0,"215":0,"216":0,"217":0,"218":0,"219":0,"220":0,"221":0,"223":0,"224":0,"225":0,"226":0,"227":0,"228":0,"229":0,"230":0,"231":0,"233":0,"234":0,"235":0,"236":0,"237":0,"238":0,"239":0,"241":0,"242":0,"243":0,"244":0,"245":0,"246":0,"248":0,"249":0,"250":0,"251":0,"253":0,"256":0,"257":0,"258":0,"259":0,"260":0,"263":0,"266":0,"267":0,"268":0,"269":0,"270":0,"271":0,"272":0,"273":0,"275":0,"276":0,"277":0,"278":0,"279":0,"280":0,"281":0,"282":0,"283":0,"284":0,"285":0,"286":0,"287":0,"288":0,"289":0},"branchMap":{"0":{"type":"branch","line":1,"loc":{"start":{"line":1,"column":8701},"end":{"line":290,"column":1}},"locations":[{"start":{"line":1,"column":8701},"end":{"line":290,"column":1}}]}},"b":{"0":[1]},"fnMap":{"0":{"name":"(empty-report)","decl":{"start":{"line":1,"column":8701},"end":{"line":290,"column":1}},"loc":{"start":{"line":1,"column":8701},"end":{"line":290,"column":1}},"line":1}},"f":{"0":1}}
,"/Users/jp/projects/dwell-birthday-calendar/src/handlers/slack-commands.ts": {"path":"/Users/jp/projects/dwell-birthday-calendar/src/handlers/slack-commands.ts","all":false,"statementMap":{"1":{"start":{"line":2,"column":0},"end":{"line":2,"column":55}},"2":{"start":{"line":3,"column":0},"end":{"line":3,"column":70}},"3":{"start":{"line":4,"column":0},"end":{"line":4,"column":55}},"4":{"start":{"line":5,"column":0},"end":{"line":5,"column":59}},"5":{"start":{"line":6,"column":0},"end":{"line":6,"column":56}},"6":{"start":{"line":7,"column":0},"end":{"line":7,"column":60}},"7":{"start":{"line":8,"column":0},"end":{"line":8,"column":9}},"14":{"start":{"line":15,"column":0},"end":{"line":15,"column":42}},"15":{"start":{"line":16,"column":0},"end":{"line":16,"column":19}},"16":{"start":{"line":17,"column":0},"end":{"line":17,"column":11}},"17":{"start":{"line":18,"column":0},"end":{"line":18,"column":24}},"18":{"start":{"line":19,"column":0},"end":{"line":19,"column":22}},"19":{"start":{"line":20,"column":0},"end":{"line":20,"column":39}},"20":{"start":{"line":21,"column":0},"end":{"line":21,"column":48}},"22":{"start":{"line":23,"column":0},"end":{"line":23,"column":36}},"24":{"start":{"line":25,"column":0},"end":{"line":25,"column":54}},"25":{"start":{"line":26,"column":0},"end":{"line":26,"column":43}},"26":{"start":{"line":27,"column":0},"end":{"line":27,"column":57}},"27":{"start":{"line":28,"column":0},"end":{"line":28,"column":3}},"29":{"start":{"line":30,"column":0},"end":{"line":30,"column":45}},"30":{"start":{"line":31,"column":0},"end":{"line":31,"column":33}},"31":{"start":{"line":32,"column":0},"end":{"line":32,"column":39}},"32":{"start":{"line":33,"column":0},"end":{"line":33,"column":43}},"33":{"start":{"line":34,"column":0},"end":{"line":34,"column":51}},"34":{"start":{"line":35,"column":0},"end":{"line":35,"column":49}},"35":{"start":{"line":36,"column":0},"end":{"line":36,"column":53}},"36":{"start":{"line":37,"column":0},"end":{"line":37,"column":43}},"37":{"start":{"line":38,"column":0},"end":{"line":38,"column":47}},"38":{"start":{"line":39,"column":0},"end":{"line":39,"column":43}},"39":{"start":{"line":40,"column":0},"end":{"line":40,"column":37}},"40":{"start":{"line":41,"column":0},"end":{"line":41,"column":53}},"41":{"start":{"line":42,"column":0},"end":{"line":42,"column":49}},"42":{"start":{"line":43,"column":0},"end":{"line":43,"column":4}},"44":{"start":{"line":45,"column":0},"end":{"line":45,"column":32}},"46":{"start":{"line":47,"column":0},"end":{"line":47,"column":44}},"47":{"start":{"line":48,"column":0},"end":{"line":48,"column":29}},"48":{"start":{"line":49,"column":0},"end":{"line":49,"column":28}},"49":{"start":{"line":50,"column":0},"end":{"line":50,"column":28}},"50":{"start":{"line":51,"column":0},"end":{"line":51,"column":5}},"52":{"start":{"line":53,"column":0},"end":{"line":53,"column":28}},"53":{"start":{"line":54,"column":0},"end":{"line":54,"column":22}},"54":{"start":{"line":55,"column":0},"end":{"line":55,"column":64}},"56":{"start":{"line":57,"column":0},"end":{"line":57,"column":12}},"57":{"start":{"line":58,"column":0},"end":{"line":58,"column":67}},"58":{"start":{"line":59,"column":0},"end":{"line":59,"column":42}},"59":{"start":{"line":60,"column":0},"end":{"line":60,"column":35}},"60":{"start":{"line":61,"column":0},"end":{"line":61,"column":77}},"61":{"start":{"line":62,"column":0},"end":{"line":62,"column":11}},"62":{"start":{"line":63,"column":0},"end":{"line":63,"column":56}},"63":{"start":{"line":64,"column":0},"end":{"line":64,"column":9}},"64":{"start":{"line":65,"column":0},"end":{"line":65,"column":3}},"65":{"start":{"line":66,"column":0},"end":{"line":66,"column":1}},"67":{"start":{"line":68,"column":0},"end":{"line":68,"column":38}},"68":{"start":{"line":69,"column":0},"end":{"line":69,"column":24}},"69":{"start":{"line":70,"column":0},"end":{"line":70,"column":11}},"70":{"start":{"line":71,"column":0},"end":{"line":71,"column":16}},"71":{"start":{"line":72,"column":0},"end":{"line":72,"column":22}},"72":{"start":{"line":73,"column":0},"end":{"line":73,"column":74}},"74":{"start":{"line":75,"column":0},"end":{"line":75,"column":7}},"75":{"start":{"line":76,"column":0},"end":{"line":76,"column":46}},"76":{"start":{"line":77,"column":0},"end":{"line":77,"column":57}},"78":{"start":{"line":79,"column":0},"end":{"line":79,"column":73}},"79":{"start":{"line":80,"column":0},"end":{"line":80,"column":44}},"80":{"start":{"line":81,"column":0},"end":{"line":81,"column":41}},"81":{"start":{"line":82,"column":0},"end":{"line":82,"column":5}},"83":{"start":{"line":84,"column":0},"end":{"line":84,"column":85}},"85":{"start":{"line":86,"column":0},"end":{"line":86,"column":41}},"86":{"start":{"line":87,"column":0},"end":{"line":87,"column":59}},"87":{"start":{"line":88,"column":0},"end":{"line":88,"column":49}},"88":{"start":{"line":89,"column":0},"end":{"line":89,"column":5}},"90":{"start":{"line":91,"column":0},"end":{"line":91,"column":81}},"91":{"start":{"line":92,"column":0},"end":{"line":92,"column":54}},"93":{"start":{"line":94,"column":0},"end":{"line":94,"column":19}},"94":{"start":{"line":95,"column":0},"end":{"line":95,"column":31}},"95":{"start":{"line":96,"column":0},"end":{"line":96,"column":95}},"97":{"start":{"line":98,"column":0},"end":{"line":98,"column":133}},"99":{"start":{"line":100,"column":0},"end":{"line":100,"column":51}},"100":{"start":{"line":101,"column":0},"end":{"line":101,"column":54}},"101":{"start":{"line":102,"column":0},"end":{"line":102,"column":7}},"102":{"start":{"line":103,"column":0},"end":{"line":103,"column":3}},"103":{"start":{"line":104,"column":0},"end":{"line":104,"column":1}},"105":{"start":{"line":106,"column":0},"end":{"line":106,"column":48}},"106":{"start":{"line":107,"column":0},"end":{"line":107,"column":43}},"107":{"start":{"line":108,"column":0},"end":{"line":108,"column":36}},"108":{"start":{"line":109,"column":0},"end":{"line":109,"column":129}},"109":{"start":{"line":110,"column":0},"end":{"line":110,"column":4}},"111":{"start":{"line":112,"column":0},"end":{"line":112,"column":49}},"112":{"start":{"line":113,"column":0},"end":{"line":113,"column":52}},"113":{"start":{"line":114,"column":0},"end":{"line":114,"column":5}},"114":{"start":{"line":115,"column":0},"end":{"line":115,"column":1}},"116":{"start":{"line":117,"column":0},"end":{"line":117,"column":56}},"117":{"start":{"line":118,"column":0},"end":{"line":118,"column":43}},"118":{"start":{"line":119,"column":0},"end":{"line":119,"column":51}},"119":{"start":{"line":120,"column":0},"end":{"line":120,"column":77}},"120":{"start":{"line":121,"column":0},"end":{"line":121,"column":4}},"122":{"start":{"line":123,"column":0},"end":{"line":123,"column":49}},"123":{"start":{"line":124,"column":0},"end":{"line":124,"column":52}},"124":{"start":{"line":125,"column":0},"end":{"line":125,"column":5}},"125":{"start":{"line":126,"column":0},"end":{"line":126,"column":1}},"127":{"start":{"line":128,"column":0},"end":{"line":128,"column":111}},"128":{"start":{"line":129,"column":0},"end":{"line":129,"column":67}},"130":{"start":{"line":131,"column":0},"end":{"line":131,"column":49}},"131":{"start":{"line":132,"column":0},"end":{"line":132,"column":52}},"132":{"start":{"line":133,"column":0},"end":{"line":133,"column":5}},"133":{"start":{"line":134,"column":0},"end":{"line":134,"column":1}}},"s":{"1":1,"2":1,"3":1,"4":1,"5":1,"6":1,"7":1,"14":9,"15":9,"16":9,"17":9,"18":9,"19":9,"20":9,"22":9,"24":9,"25":1,"26":1,"27":1,"29":8,"30":8,"31":9,"32":9,"33":9,"34":9,"35":9,"36":9,"37":9,"38":9,"39":9,"40":9,"41":9,"42":9,"44":9,"46":9,"47":9,"48":9,"49":9,"50":9,"52":9,"53":9,"54":6,"56":9,"57":1,"58":1,"59":1,"60":1,"61":1,"62":1,"63":1,"64":9,"65":9,"67":6,"68":6,"69":6,"70":6,"71":6,"72":6,"74":6,"75":6,"76":6,"78":6,"79":3,"80":3,"81":3,"83":2,"85":6,"86":1,"87":1,"88":1,"90":1,"91":1,"93":1,"94":1,"95":1,"97":1,"99":1,"100":1,"101":1,"102":1,"103":6,"105":3,"106":3,"107":3,"108":3,"109":3,"111":3,"112":3,"113":3,"114":3,"116":1,"117":1,"118":1,"119":1,"120":1,"122":1,"123":1,"124":1,"125":1,"127":1,"128":1,"130":1,"131":1,"132":1,"133":1},"branchMap":{"0":{"type":"branch","line":15,"loc":{"start":{"line":15,"column":0},"end":{"line":66,"column":1}},"locations":[{"start":{"line":15,"column":0},"end":{"line":66,"column":1}}]},"1":{"type":"branch","line":25,"loc":{"start":{"line":25,"column":53},"end":{"line":28,"column":3}},"locations":[{"start":{"line":25,"column":53},"end":{"line":28,"column":3}}]},"2":{"type":"branch","line":28,"loc":{"start":{"line":28,"column":2},"end":{"line":32,"column":36}},"locations":[{"start":{"line":28,"column":2},"end":{"line":32,"column":36}}]},"3":{"type":"branch","line":32,"loc":{"start":{"line":32,"column":31},"end":{"line":32,"column":39}},"locations":[{"start":{"line":32,"column":31},"end":{"line":32,"column":39}}]},"4":{"type":"branch","line":33,"loc":{"start":{"line":33,"column":35},"end":{"line":33,"column":43}},"locations":[{"start":{"line":33,"column":35},"end":{"line":33,"column":43}}]},"5":{"type":"branch","line":34,"loc":{"start":{"line":34,"column":43},"end":{"line":34,"column":51}},"locations":[{"start":{"line":34,"column":43},"end":{"line":34,"column":51}}]},"6":{"type":"branch","line":35,"loc":{"start":{"line":35,"column":41},"end":{"line":35,"column":49}},"locations":[{"start":{"line":35,"column":41},"end":{"line":35,"column":49}}]},"7":{"type":"branch","line":36,"loc":{"start":{"line":36,"column":45},"end":{"line":36,"column":53}},"locations":[{"start":{"line":36,"column":45},"end":{"line":36,"column":53}}]},"8":{"type":"branch","line":37,"loc":{"start":{"line":37,"column":35},"end":{"line":37,"column":43}},"locations":[{"start":{"line":37,"column":35},"end":{"line":37,"column":43}}]},"9":{"type":"branch","line":38,"loc":{"start":{"line":38,"column":39},"end":{"line":38,"column":47}},"locations":[{"start":{"line":38,"column":39},"end":{"line":38,"column":47}}]},"10":{"type":"branch","line":39,"loc":{"start":{"line":39,"column":35},"end":{"line":39,"column":43}},"locations":[{"start":{"line":39,"column":35},"end":{"line":39,"column":43}}]},"11":{"type":"branch","line":40,"loc":{"start":{"line":40,"column":29},"end":{"line":40,"column":37}},"locations":[{"start":{"line":40,"column":29},"end":{"line":40,"column":37}}]},"12":{"type":"branch","line":41,"loc":{"start":{"line":41,"column":45},"end":{"line":41,"column":53}},"locations":[{"start":{"line":41,"column":45},"end":{"line":41,"column":53}}]},"13":{"type":"branch","line":42,"loc":{"start":{"line":42,"column":41},"end":{"line":42,"column":49}},"locations":[{"start":{"line":42,"column":41},"end":{"line":42,"column":49}}]},"14":{"type":"branch","line":54,"loc":{"start":{"line":54,"column":4},"end":{"line":55,"column":64}},"locations":[{"start":{"line":54,"column":4},"end":{"line":55,"column":64}}]},"15":{"type":"branch","line":57,"loc":{"start":{"line":57,"column":4},"end":{"line":64,"column":9}},"locations":[{"start":{"line":57,"column":4},"end":{"line":64,"column":9}}]},"16":{"type":"branch","line":68,"loc":{"start":{"line":68,"column":0},"end":{"line":104,"column":1}},"locations":[{"start":{"line":68,"column":0},"end":{"line":104,"column":1}}]},"17":{"type":"branch","line":77,"loc":{"start":{"line":77,"column":55},"end":{"line":79,"column":72}},"locations":[{"start":{"line":77,"column":55},"end":{"line":79,"column":72}}]},"18":{"type":"branch","line":79,"loc":{"start":{"line":79,"column":72},"end":{"line":82,"column":5}},"locations":[{"start":{"line":79,"column":72},"end":{"line":82,"column":5}}]},"19":{"type":"branch","line":82,"loc":{"start":{"line":82,"column":4},"end":{"line":86,"column":40}},"locations":[{"start":{"line":82,"column":4},"end":{"line":86,"column":40}}]},"20":{"type":"branch","line":86,"loc":{"start":{"line":86,"column":40},"end":{"line":103,"column":3}},"locations":[{"start":{"line":86,"column":40},"end":{"line":103,"column":3}}]},"21":{"type":"branch","line":106,"loc":{"start":{"line":106,"column":0},"end":{"line":115,"column":1}},"locations":[{"start":{"line":106,"column":0},"end":{"line":115,"column":1}}]},"22":{"type":"branch","line":117,"loc":{"start":{"line":117,"column":0},"end":{"line":126,"column":1}},"locations":[{"start":{"line":117,"column":0},"end":{"line":126,"column":1}}]},"23":{"type":"branch","line":128,"loc":{"start":{"line":128,"column":0},"end":{"line":134,"column":1}},"locations":[{"start":{"line":128,"column":0},"end":{"line":134,"column":1}}]}},"b":{"0":[9],"1":[1],"2":[8],"3":[6],"4":[0],"5":[6],"6":[6],"7":[6],"8":[0],"9":[5],"10":[0],"11":[7],"12":[6],"13":[6],"14":[6],"15":[1],"16":[6],"17":[5],"18":[3],"19":[2],"20":[1],"21":[3],"22":[1],"23":[1]},"fnMap":{"0":{"name":"handleSlackCommands","decl":{"start":{"line":15,"column":0},"end":{"line":66,"column":1}},"loc":{"start":{"line":15,"column":0},"end":{"line":66,"column":1}},"line":15},"1":{"name":"handleBirthdaysCommand","decl":{"start":{"line":68,"column":0},"end":{"line":104,"column":1}},"loc":{"start":{"line":68,"column":0},"end":{"line":104,"column":1}},"line":68},"2":{"name":"createNoBirthdaysResponse","decl":{"start":{"line":106,"column":0},"end":{"line":115,"column":1}},"loc":{"start":{"line":106,"column":0},"end":{"line":115,"column":1}},"line":106},"3":{"name":"createNoUpcomingBirthdaysResponse","decl":{"start":{"line":117,"column":0},"end":{"line":126,"column":1}},"loc":{"start":{"line":117,"column":0},"end":{"line":126,"column":1}},"line":117},"4":{"name":"createBirthdaysResponse","decl":{"start":{"line":128,"column":0},"end":{"line":134,"column":1}},"loc":{"start":{"line":128,"column":0},"end":{"line":134,"column":1}},"line":128}},"f":{"0":9,"1":6,"2":3,"3":1,"4":1}}
,"/Users/jp/projects/dwell-birthday-calendar/src/handlers/slack-events.ts": {"path":"/Users/jp/projects/dwell-birthday-calendar/src/handlers/slack-events.ts","all":false,"statementMap":{"2":{"start":{"line":3,"column":0},"end":{"line":3,"column":55}},"3":{"start":{"line":4,"column":0},"end":{"line":4,"column":70}},"4":{"start":{"line":5,"column":0},"end":{"line":5,"column":56}},"5":{"start":{"line":6,"column":0},"end":{"line":6,"column":55}},"6":{"start":{"line":7,"column":0},"end":{"line":7,"column":82}},"7":{"start":{"line":8,"column":0},"end":{"line":8,"column":62}},"8":{"start":{"line":9,"column":0},"end":{"line":9,"column":74}},"11":{"start":{"line":12,"column":0},"end":{"line":12,"column":40}},"12":{"start":{"line":13,"column":0},"end":{"line":13,"column":19}},"13":{"start":{"line":14,"column":0},"end":{"line":14,"column":11}},"14":{"start":{"line":15,"column":0},"end":{"line":15,"column":24}},"15":{"start":{"line":16,"column":0},"end":{"line":16,"column":22}},"16":{"start":{"line":17,"column":0},"end":{"line":17,"column":39}},"17":{"start":{"line":18,"column":0},"end":{"line":18,"column":46}},"19":{"start":{"line":20,"column":0},"end":{"line":20,"column":36}},"21":{"start":{"line":22,"column":0},"end":{"line":22,"column":54}},"22":{"start":{"line":23,"column":0},"end":{"line":23,"column":43}},"23":{"start":{"line":24,"column":0},"end":{"line":24,"column":57}},"24":{"start":{"line":25,"column":0},"end":{"line":25,"column":3}},"26":{"start":{"line":27,"column":0},"end":{"line":27,"column":53}},"28":{"start":{"line":29,"column":0},"end":{"line":29,"column":7}},"29":{"start":{"line":30,"column":0},"end":{"line":30,"column":31}},"30":{"start":{"line":31,"column":0},"end":{"line":31,"column":19}},"31":{"start":{"line":32,"column":0},"end":{"line":32,"column":60}},"32":{"start":{"line":33,"column":0},"end":{"line":33,"column":52}},"33":{"start":{"line":34,"column":0},"end":{"line":34,"column":3}},"35":{"start":{"line":36,"column":0},"end":{"line":36,"column":44}},"36":{"start":{"line":37,"column":0},"end":{"line":37,"column":55}},"38":{"start":{"line":39,"column":0},"end":{"line":39,"column":37}},"39":{"start":{"line":40,"column":0},"end":{"line":40,"column":61}},"42":{"start":{"line":43,"column":0},"end":{"line":43,"column":45}},"43":{"start":{"line":44,"column":0},"end":{"line":44,"column":66}},"44":{"start":{"line":45,"column":0},"end":{"line":45,"column":57}},"45":{"start":{"line":46,"column":0},"end":{"line":46,"column":7}},"47":{"start":{"line":48,"column":0},"end":{"line":48,"column":49}},"48":{"start":{"line":49,"column":0},"end":{"line":49,"column":48}},"49":{"start":{"line":50,"column":0},"end":{"line":50,"column":7}},"50":{"start":{"line":51,"column":0},"end":{"line":51,"column":3}},"52":{"start":{"line":53,"column":0},"end":{"line":53,"column":30}},"53":{"start":{"line":54,"column":0},"end":{"line":54,"column":43}},"54":{"start":{"line":55,"column":0},"end":{"line":55,"column":42}},"55":{"start":{"line":56,"column":0},"end":{"line":56,"column":37}},"56":{"start":{"line":57,"column":0},"end":{"line":57,"column":31}},"57":{"start":{"line":58,"column":0},"end":{"line":58,"column":5}},"59":{"start":{"line":60,"column":0},"end":{"line":60,"column":34}},"60":{"start":{"line":61,"column":0},"end":{"line":61,"column":27}},"61":{"start":{"line":62,"column":0},"end":{"line":62,"column":73}},"63":{"start":{"line":64,"column":0},"end":{"line":64,"column":12}},"64":{"start":{"line":65,"column":0},"end":{"line":65,"column":80}},"65":{"start":{"line":66,"column":0},"end":{"line":66,"column":49}},"66":{"start":{"line":67,"column":0},"end":{"line":67,"column":3}},"67":{"start":{"line":68,"column":0},"end":{"line":68,"column":1}},"69":{"start":{"line":70,"column":0},"end":{"line":70,"column":35}},"70":{"start":{"line":71,"column":0},"end":{"line":71,"column":20}},"71":{"start":{"line":72,"column":0},"end":{"line":72,"column":11}},"72":{"start":{"line":73,"column":0},"end":{"line":73,"column":17}},"73":{"start":{"line":74,"column":0},"end":{"line":74,"column":18}},"74":{"start":{"line":75,"column":0},"end":{"line":75,"column":22}},"75":{"start":{"line":76,"column":0},"end":{"line":76,"column":50}},"76":{"start":{"line":77,"column":0},"end":{"line":77,"column":29}},"77":{"start":{"line":78,"column":0},"end":{"line":78,"column":25}},"78":{"start":{"line":79,"column":0},"end":{"line":79,"column":25}},"79":{"start":{"line":80,"column":0},"end":{"line":80,"column":5}},"81":{"start":{"line":82,"column":0},"end":{"line":82,"column":35}},"82":{"start":{"line":83,"column":0},"end":{"line":83,"column":47}},"83":{"start":{"line":84,"column":0},"end":{"line":84,"column":47}},"84":{"start":{"line":85,"column":0},"end":{"line":85,"column":3}},"86":{"start":{"line":87,"column":0},"end":{"line":87,"column":7}},"88":{"start":{"line":89,"column":0},"end":{"line":89,"column":62}},"89":{"start":{"line":90,"column":0},"end":{"line":90,"column":77}},"91":{"start":{"line":92,"column":0},"end":{"line":92,"column":24}},"92":{"start":{"line":93,"column":0},"end":{"line":93,"column":79}},"93":{"start":{"line":94,"column":0},"end":{"line":94,"column":49}},"94":{"start":{"line":95,"column":0},"end":{"line":95,"column":5}},"96":{"start":{"line":97,"column":0},"end":{"line":97,"column":64}},"97":{"start":{"line":98,"column":0},"end":{"line":98,"column":28}},"98":{"start":{"line":99,"column":0},"end":{"line":99,"column":30}},"99":{"start":{"line":100,"column":0},"end":{"line":100,"column":7}},"102":{"start":{"line":103,"column":0},"end":{"line":103,"column":64}},"103":{"start":{"line":104,"column":0},"end":{"line":104,"column":21}},"104":{"start":{"line":105,"column":0},"end":{"line":105,"column":44}},"106":{"start":{"line":107,"column":0},"end":{"line":107,"column":53}},"107":{"start":{"line":108,"column":0},"end":{"line":108,"column":37}},"108":{"start":{"line":109,"column":0},"end":{"line":109,"column":21}},"109":{"start":{"line":110,"column":0},"end":{"line":110,"column":25}},"110":{"start":{"line":111,"column":0},"end":{"line":111,"column":35}},"111":{"start":{"line":112,"column":0},"end":{"line":112,"column":8}},"113":{"start":{"line":114,"column":0},"end":{"line":114,"column":49}},"114":{"start":{"line":115,"column":0},"end":{"line":115,"column":5}},"117":{"start":{"line":118,"column":0},"end":{"line":118,"column":64}},"118":{"start":{"line":119,"column":0},"end":{"line":119,"column":62}},"119":{"start":{"line":120,"column":0},"end":{"line":120,"column":80}},"122":{"start":{"line":123,"column":0},"end":{"line":123,"column":61}},"125":{"start":{"line":126,"column":0},"end":{"line":126,"column":51}},"126":{"start":{"line":127,"column":0},"end":{"line":127,"column":77}},"128":{"start":{"line":129,"column":0},"end":{"line":129,"column":53}},"129":{"start":{"line":130,"column":0},"end":{"line":130,"column":28}},"130":{"start":{"line":131,"column":0},"end":{"line":131,"column":31}},"131":{"start":{"line":132,"column":0},"end":{"line":132,"column":50}},"132":{"start":{"line":133,"column":0},"end":{"line":133,"column":7}},"134":{"start":{"line":135,"column":0},"end":{"line":135,"column":47}},"135":{"start":{"line":136,"column":0},"end":{"line":136,"column":19}},"136":{"start":{"line":137,"column":0},"end":{"line":137,"column":53}},"137":{"start":{"line":138,"column":0},"end":{"line":138,"column":28}},"138":{"start":{"line":139,"column":0},"end":{"line":139,"column":12}},"139":{"start":{"line":140,"column":0},"end":{"line":140,"column":7}},"142":{"start":{"line":143,"column":0},"end":{"line":143,"column":9}},"143":{"start":{"line":144,"column":0},"end":{"line":144,"column":99}},"144":{"start":{"line":145,"column":0},"end":{"line":145,"column":25}},"145":{"start":{"line":146,"column":0},"end":{"line":146,"column":66}},"146":{"start":{"line":147,"column":0},"end":{"line":147,"column":62}},"147":{"start":{"line":148,"column":0},"end":{"line":148,"column":66}},"148":{"start":{"line":149,"column":0},"end":{"line":149,"column":10}},"150":{"start":{"line":151,"column":0},"end":{"line":151,"column":55}},"151":{"start":{"line":152,"column":0},"end":{"line":152,"column":82}},"152":{"start":{"line":153,"column":0},"end":{"line":153,"column":7}},"153":{"start":{"line":154,"column":0},"end":{"line":154,"column":30}},"154":{"start":{"line":155,"column":0},"end":{"line":155,"column":68}},"155":{"start":{"line":156,"column":0},"end":{"line":156,"column":5}},"157":{"start":{"line":158,"column":0},"end":{"line":158,"column":47}},"158":{"start":{"line":159,"column":0},"end":{"line":159,"column":3}},"159":{"start":{"line":160,"column":0},"end":{"line":160,"column":1}}},"s":{"2":1,"3":1,"4":1,"5":1,"6":1,"7":1,"8":1,"11":13,"12":13,"13":13,"14":13,"15":13,"16":13,"17":13,"19":13,"21":13,"22":1,"23":1,"24":1,"26":12,"28":12,"29":12,"30":13,"31":1,"32":1,"33":1,"35":13,"36":2,"38":2,"39":2,"42":2,"43":2,"44":2,"45":2,"47":2,"48":2,"49":2,"50":2,"52":9,"53":9,"54":9,"55":9,"56":9,"57":9,"59":9,"60":13,"61":7,"63":13,"64":1,"65":1,"66":13,"67":13,"69":7,"70":7,"71":7,"72":7,"73":7,"74":7,"75":7,"76":7,"77":7,"78":7,"79":7,"81":7,"82":1,"83":1,"84":1,"86":6,"88":6,"89":6,"91":7,"92":2,"93":2,"94":2,"96":4,"97":4,"98":4,"99":4,"102":4,"103":7,"104":1,"106":1,"107":1,"108":1,"109":1,"110":1,"111":1,"113":1,"114":1,"117":3,"118":1,"119":1,"122":1,"125":1,"126":1,"128":1,"129":1,"130":1,"131":1,"132":1,"134":1,"135":7,"136":2,"137":2,"138":2,"139":2,"142":2,"143":2,"144":2,"145":2,"146":2,"147":2,"148":2,"150":2,"151":2,"152":1,"153":2,"154":1,"155":1,"157":2,"158":2,"159":7},"branchMap":{"0":{"type":"branch","line":12,"loc":{"start":{"line":12,"column":0},"end":{"line":68,"column":1}},"locations":[{"start":{"line":12,"column":0},"end":{"line":68,"column":1}}]},"1":{"type":"branch","line":22,"loc":{"start":{"line":22,"column":53},"end":{"line":25,"column":3}},"locations":[{"start":{"line":22,"column":53},"end":{"line":25,"column":3}}]},"2":{"type":"branch","line":25,"loc":{"start":{"line":25,"column":2},"end":{"line":31,"column":11}},"locations":[{"start":{"line":25,"column":2},"end":{"line":31,"column":11}}]},"3":{"type":"branch","line":31,"loc":{"start":{"line":31,"column":2},"end":{"line":34,"column":3}},"locations":[{"start":{"line":31,"column":2},"end":{"line":34,"column":3}}]},"4":{"type":"branch","line":34,"loc":{"start":{"line":34,"column":2},"end":{"line":36,"column":43}},"locations":[{"start":{"line":34,"column":2},"end":{"line":36,"column":43}}]},"5":{"type":"branch","line":36,"loc":{"start":{"line":36,"column":43},"end":{"line":51,"column":3}},"locations":[{"start":{"line":36,"column":43},"end":{"line":51,"column":3}}]},"6":{"type":"branch","line":51,"loc":{"start":{"line":51,"column":2},"end":{"line":60,"column":34}},"locations":[{"start":{"line":51,"column":2},"end":{"line":60,"column":34}}]},"7":{"type":"branch","line":61,"loc":{"start":{"line":61,"column":4},"end":{"line":62,"column":73}},"locations":[{"start":{"line":61,"column":4},"end":{"line":62,"column":73}}]},"8":{"type":"branch","line":64,"loc":{"start":{"line":64,"column":4},"end":{"line":66,"column":49}},"locations":[{"start":{"line":64,"column":4},"end":{"line":66,"column":49}}]},"9":{"type":"branch","line":70,"loc":{"start":{"line":70,"column":0},"end":{"line":160,"column":1}},"locations":[{"start":{"line":70,"column":0},"end":{"line":160,"column":1}}]},"10":{"type":"branch","line":82,"loc":{"start":{"line":82,"column":34},"end":{"line":85,"column":3}},"locations":[{"start":{"line":82,"column":34},"end":{"line":85,"column":3}}]},"11":{"type":"branch","line":85,"loc":{"start":{"line":85,"column":2},"end":{"line":92,"column":23}},"locations":[{"start":{"line":85,"column":2},"end":{"line":92,"column":23}}]},"12":{"type":"branch","line":92,"loc":{"start":{"line":92,"column":23},"end":{"line":95,"column":5}},"locations":[{"start":{"line":92,"column":23},"end":{"line":95,"column":5}}]},"13":{"type":"branch","line":95,"loc":{"start":{"line":95,"column":4},"end":{"line":104,"column":20}},"locations":[{"start":{"line":95,"column":4},"end":{"line":104,"column":20}}]},"14":{"type":"branch","line":104,"loc":{"start":{"line":104,"column":20},"end":{"line":115,"column":5}},"locations":[{"start":{"line":104,"column":20},"end":{"line":115,"column":5}}]},"15":{"type":"branch","line":115,"loc":{"start":{"line":115,"column":4},"end":{"line":118,"column":64}},"locations":[{"start":{"line":115,"column":4},"end":{"line":118,"column":64}}]},"16":{"type":"branch","line":118,"loc":{"start":{"line":118,"column":62},"end":{"line":136,"column":11}},"locations":[{"start":{"line":118,"column":62},"end":{"line":136,"column":11}}]},"17":{"type":"branch","line":136,"loc":{"start":{"line":136,"column":2},"end":{"line":159,"column":3}},"locations":[{"start":{"line":136,"column":2},"end":{"line":159,"column":3}}]},"18":{"type":"branch","line":148,"loc":{"start":{"line":148,"column":41},"end":{"line":148,"column":66}},"locations":[{"start":{"line":148,"column":41},"end":{"line":148,"column":66}}]},"19":{"type":"branch","line":152,"loc":{"start":{"line":152,"column":80},"end":{"line":153,"column":7}},"locations":[{"start":{"line":152,"column":80},"end":{"line":153,"column":7}}]},"20":{"type":"branch","line":154,"loc":{"start":{"line":154,"column":4},"end":{"line":156,"column":5}},"locations":[{"start":{"line":154,"column":4},"end":{"line":156,"column":5}}]}},"b":{"0":[13],"1":[1],"2":[12],"3":[1],"4":[11],"5":[2],"6":[9],"7":[7],"8":[1],"9":[7],"10":[1],"11":[6],"12":[2],"13":[4],"14":[1],"15":[3],"16":[1],"17":[2],"18":[0],"19":[1],"20":[1]},"fnMap":{"0":{"name":"handleSlackEvents","decl":{"start":{"line":12,"column":0},"end":{"line":68,"column":1}},"loc":{"start":{"line":12,"column":0},"end":{"line":68,"column":1}},"line":12},"1":{"name":"handleAppHomeOpened","decl":{"start":{"line":70,"column":0},"end":{"line":160,"column":1}},"loc":{"start":{"line":70,"column":0},"end":{"line":160,"column":1}},"line":70}},"f":{"0":13,"1":7}}
,"/Users/jp/projects/dwell-birthday-calendar/src/handlers/slack-interactive.ts": {"path":"/Users/jp/projects/dwell-birthday-calendar/src/handlers/slack-interactive.ts","all":true,"statementMap":{"0":{"start":{"line":1,"column":0},"end":{"line":1,"column":55}},"1":{"start":{"line":2,"column":0},"end":{"line":2,"column":70}},"2":{"start":{"line":3,"column":0},"end":{"line":3,"column":55}},"3":{"start":{"line":4,"column":0},"end":{"line":4,"column":56}},"4":{"start":{"line":5,"column":0},"end":{"line":5,"column":62}},"5":{"start":{"line":6,"column":0},"end":{"line":6,"column":74}},"9":{"start":{"line":10,"column":0},"end":{"line":10,"column":45}},"10":{"start":{"line":11,"column":0},"end":{"line":11,"column":19}},"11":{"start":{"line":12,"column":0},"end":{"line":12,"column":11}},"12":{"start":{"line":13,"column":0},"end":{"line":13,"column":24}},"13":{"start":{"line":14,"column":0},"end":{"line":14,"column":22}},"14":{"start":{"line":15,"column":0},"end":{"line":15,"column":39}},"15":{"start":{"line":16,"column":0},"end":{"line":16,"column":52}},"17":{"start":{"line":18,"column":0},"end":{"line":18,"column":36}},"19":{"start":{"line":20,"column":0},"end":{"line":20,"column":54}},"20":{"start":{"line":21,"column":0},"end":{"line":21,"column":43}},"21":{"start":{"line":22,"column":0},"end":{"line":22,"column":57}},"22":{"start":{"line":23,"column":0},"end":{"line":23,"column":3}},"24":{"start":{"line":25,"column":0},"end":{"line":25,"column":39}},"26":{"start":{"line":27,"column":0},"end":{"line":27,"column":7}},"28":{"start":{"line":29,"column":0},"end":{"line":29,"column":47}},"29":{"start":{"line":30,"column":0},"end":{"line":30,"column":50}},"31":{"start":{"line":32,"column":0},"end":{"line":32,"column":25}},"32":{"start":{"line":33,"column":0},"end":{"line":33,"column":53}},"33":{"start":{"line":34,"column":0},"end":{"line":34,"column":5}},"35":{"start":{"line":36,"column":0},"end":{"line":36,"column":40}},"36":{"start":{"line":37,"column":0},"end":{"line":37,"column":19}},"37":{"start":{"line":38,"column":0},"end":{"line":38,"column":67}},"38":{"start":{"line":39,"column":0},"end":{"line":39,"column":54}},"39":{"start":{"line":40,"column":0},"end":{"line":40,"column":3}},"41":{"start":{"line":42,"column":0},"end":{"line":42,"column":50}},"42":{"start":{"line":43,"column":0},"end":{"line":43,"column":23}},"43":{"start":{"line":44,"column":0},"end":{"line":44,"column":28}},"44":{"start":{"line":45,"column":0},"end":{"line":45,"column":28}},"45":{"start":{"line":46,"column":0},"end":{"line":46,"column":51}},"46":{"start":{"line":47,"column":0},"end":{"line":47,"column":5}},"48":{"start":{"line":49,"column":0},"end":{"line":49,"column":25}},"49":{"start":{"line":50,"column":0},"end":{"line":50,"column":25}},"50":{"start":{"line":51,"column":0},"end":{"line":51,"column":69}},"52":{"start":{"line":53,"column":0},"end":{"line":53,"column":12}},"53":{"start":{"line":54,"column":0},"end":{"line":54,"column":72}},"54":{"start":{"line":55,"column":0},"end":{"line":55,"column":49}},"55":{"start":{"line":56,"column":0},"end":{"line":56,"column":3}},"56":{"start":{"line":57,"column":0},"end":{"line":57,"column":1}},"58":{"start":{"line":59,"column":0},"end":{"line":59,"column":34}},"59":{"start":{"line":60,"column":0},"end":{"line":60,"column":35}},"60":{"start":{"line":61,"column":0},"end":{"line":61,"column":11}},"61":{"start":{"line":62,"column":0},"end":{"line":62,"column":17}},"62":{"start":{"line":63,"column":0},"end":{"line":63,"column":18}},"63":{"start":{"line":64,"column":0},"end":{"line":64,"column":22}},"64":{"start":{"line":65,"column":0},"end":{"line":65,"column":57}},"65":{"start":{"line":66,"column":0},"end":{"line":66,"column":61}},"66":{"start":{"line":67,"column":0},"end":{"line":67,"column":47}},"67":{"start":{"line":68,"column":0},"end":{"line":68,"column":3}},"69":{"start":{"line":70,"column":0},"end":{"line":70,"column":36}},"70":{"start":{"line":71,"column":0},"end":{"line":71,"column":41}},"71":{"start":{"line":72,"column":0},"end":{"line":72,"column":31}},"72":{"start":{"line":73,"column":0},"end":{"line":73,"column":28}},"73":{"start":{"line":74,"column":0},"end":{"line":74,"column":27}},"74":{"start":{"line":75,"column":0},"end":{"line":75,"column":5}},"76":{"start":{"line":77,"column":0},"end":{"line":77,"column":7}},"77":{"start":{"line":78,"column":0},"end":{"line":78,"column":62}},"78":{"start":{"line":79,"column":0},"end":{"line":79,"column":79}},"80":{"start":{"line":81,"column":0},"end":{"line":81,"column":24}},"81":{"start":{"line":82,"column":0},"end":{"line":82,"column":81}},"82":{"start":{"line":83,"column":0},"end":{"line":83,"column":49}},"83":{"start":{"line":84,"column":0},"end":{"line":84,"column":5}},"85":{"start":{"line":86,"column":0},"end":{"line":86,"column":51}},"86":{"start":{"line":87,"column":0},"end":{"line":87,"column":62}},"88":{"start":{"line":89,"column":0},"end":{"line":89,"column":31}},"89":{"start":{"line":90,"column":0},"end":{"line":90,"column":31}},"90":{"start":{"line":91,"column":0},"end":{"line":91,"column":36}},"91":{"start":{"line":92,"column":0},"end":{"line":92,"column":19}},"92":{"start":{"line":93,"column":0},"end":{"line":93,"column":26}},"93":{"start":{"line":94,"column":0},"end":{"line":94,"column":24}},"94":{"start":{"line":95,"column":0},"end":{"line":95,"column":20}},"95":{"start":{"line":96,"column":0},"end":{"line":96,"column":28}},"96":{"start":{"line":97,"column":0},"end":{"line":97,"column":16}},"97":{"start":{"line":98,"column":0},"end":{"line":98,"column":10}},"98":{"start":{"line":99,"column":0},"end":{"line":99,"column":14}},"100":{"start":{"line":101,"column":0},"end":{"line":101,"column":32}},"101":{"start":{"line":102,"column":0},"end":{"line":102,"column":37}},"102":{"start":{"line":103,"column":0},"end":{"line":103,"column":19}},"103":{"start":{"line":104,"column":0},"end":{"line":104,"column":26}},"104":{"start":{"line":105,"column":0},"end":{"line":105,"column":24}},"105":{"start":{"line":106,"column":0},"end":{"line":106,"column":20}},"106":{"start":{"line":107,"column":0},"end":{"line":107,"column":28}},"107":{"start":{"line":108,"column":0},"end":{"line":108,"column":16}},"108":{"start":{"line":109,"column":0},"end":{"line":109,"column":10}},"109":{"start":{"line":110,"column":0},"end":{"line":110,"column":14}},"111":{"start":{"line":112,"column":0},"end":{"line":112,"column":31}},"112":{"start":{"line":113,"column":0},"end":{"line":113,"column":36}},"113":{"start":{"line":114,"column":0},"end":{"line":114,"column":19}},"114":{"start":{"line":115,"column":0},"end":{"line":115,"column":26}},"115":{"start":{"line":116,"column":0},"end":{"line":116,"column":24}},"116":{"start":{"line":117,"column":0},"end":{"line":117,"column":20}},"117":{"start":{"line":118,"column":0},"end":{"line":118,"column":28}},"118":{"start":{"line":119,"column":0},"end":{"line":119,"column":16}},"119":{"start":{"line":120,"column":0},"end":{"line":120,"column":10}},"120":{"start":{"line":121,"column":0},"end":{"line":121,"column":14}},"122":{"start":{"line":123,"column":0},"end":{"line":123,"column":14}},"123":{"start":{"line"
[...]
column":0},"end":{"line":73,"column":3}},"74":{"start":{"line":75,"column":0},"end":{"line":75,"column":10}},"75":{"start":{"line":76,"column":0},"end":{"line":76,"column":9}},"76":{"start":{"line":77,"column":0},"end":{"line":77,"column":10}},"77":{"start":{"line":78,"column":0},"end":{"line":78,"column":8}},"78":{"start":{"line":79,"column":0},"end":{"line":79,"column":15}},"79":{"start":{"line":80,"column":0},"end":{"line":80,"column":4}},"80":{"start":{"line":81,"column":0},"end":{"line":81,"column":1}},"85":{"start":{"line":86,"column":0},"end":{"line":86,"column":67}},"86":{"start":{"line":87,"column":0},"end":{"line":87,"column":42}},"87":{"start":{"line":88,"column":0},"end":{"line":88,"column":65}},"88":{"start":{"line":89,"column":0},"end":{"line":89,"column":3}},"90":{"start":{"line":91,"column":0},"end":{"line":91,"column":55}},"92":{"start":{"line":93,"column":0},"end":{"line":93,"column":47}},"93":{"start":{"line":94,"column":0},"end":{"line":94,"column":88}},"94":{"start":{"line":95,"column":0},"end":{"line":95,"column":3}},"96":{"start":{"line":97,"column":0},"end":{"line":97,"column":35}},"97":{"start":{"line":98,"column":0},"end":{"line":98,"column":38}},"99":{"start":{"line":100,"column":0},"end":{"line":100,"column":59}},"100":{"start":{"line":101,"column":0},"end":{"line":101,"column":9}},"101":{"start":{"line":102,"column":0},"end":{"line":102,"column":72}},"104":{"start":{"line":105,"column":0},"end":{"line":105,"column":57}},"105":{"start":{"line":106,"column":0},"end":{"line":106,"column":42}},"106":{"start":{"line":107,"column":0},"end":{"line":107,"column":100}},"107":{"start":{"line":108,"column":0},"end":{"line":108,"column":7}},"108":{"start":{"line":109,"column":0},"end":{"line":109,"column":36}},"110":{"start":{"line":111,"column":0},"end":{"line":111,"column":31}},"111":{"start":{"line":112,"column":0},"end":{"line":112,"column":21}},"112":{"start":{"line":113,"column":0},"end":{"line":113,"column":45}},"113":{"start":{"line":114,"column":0},"end":{"line":114,"column":133}},"114":{"start":{"line":115,"column":0},"end":{"line":115,"column":7}},"115":{"start":{"line":116,"column":0},"end":{"line":116,"column":18}},"116":{"start":{"line":117,"column":0},"end":{"line":117,"column":5}},"117":{"start":{"line":118,"column":0},"end":{"line":118,"column":3}},"119":{"start":{"line":120,"column":0},"end":{"line":120,"column":23}},"120":{"start":{"line":121,"column":0},"end":{"line":121,"column":1}},"125":{"start":{"line":126,"column":0},"end":{"line":126,"column":65}},"126":{"start":{"line":127,"column":0},"end":{"line":127,"column":44}},"127":{"start":{"line":128,"column":0},"end":{"line":128,"column":57}},"128":{"start":{"line":129,"column":0},"end":{"line":129,"column":3}},"130":{"start":{"line":131,"column":0},"end":{"line":131,"column":49}},"133":{"start":{"line":134,"column":0},"end":{"line":134,"column":16}},"134":{"start":{"line":135,"column":0},"end":{"line":135,"column":39}},"135":{"start":{"line":136,"column":0},"end":{"line":136,"column":50}},"136":{"start":{"line":137,"column":0},"end":{"line":137,"column":3}},"139":{"start":{"line":140,"column":0},"end":{"line":140,"column":16}},"140":{"start":{"line":141,"column":0},"end":{"line":141,"column":14}},"142":{"start":{"line":143,"column":0},"end":{"line":143,"column":40}},"143":{"start":{"line":144,"column":0},"end":{"line":144,"column":36}},"144":{"start":{"line":145,"column":0},"end":{"line":145,"column":47}},"145":{"start":{"line":146,"column":0},"end":{"line":146,"column":45}},"146":{"start":{"line":147,"column":0},"end":{"line":147,"column":25}},"147":{"start":{"line":148,"column":0},"end":{"line":148,"column":21}},"148":{"start":{"line":149,"column":0},"end":{"line":149,"column":5}},"149":{"start":{"line":150,"column":0},"end":{"line":150,"column":3}},"151":{"start":{"line":152,"column":0},"end":{"line":152,"column":38}},"152":{"start":{"line":153,"column":0},"end":{"line":153,"column":32}},"153":{"start":{"line":154,"column":0},"end":{"line":154,"column":45}},"154":{"start":{"line":155,"column":0},"end":{"line":155,"column":43}},"155":{"start":{"line":156,"column":0},"end":{"line":156,"column":25}},"156":{"start":{"line":157,"column":0},"end":{"line":157,"column":19}},"157":{"start":{"line":158,"column":0},"end":{"line":158,"column":5}},"158":{"start":{"line":159,"column":0},"end":{"line":159,"column":3}},"161":{"start":{"line":162,"column":0},"end":{"line":162,"column":38}},"162":{"start":{"line":163,"column":0},"end":{"line":163,"column":46}},"163":{"start":{"line":164,"column":0},"end":{"line":164,"column":45}},"164":{"start":{"line":165,"column":0},"end":{"line":165,"column":59}},"165":{"start":{"line":166,"column":0},"end":{"line":166,"column":3}},"168":{"start":{"line":169,"column":0},"end":{"line":169,"column":32}},"169":{"start":{"line":170,"column":0},"end":{"line":170,"column":9}},"170":{"start":{"line":171,"column":0},"end":{"line":171,"column":10}},"171":{"start":{"line":172,"column":0},"end":{"line":172,"column":8}},"172":{"start":{"line":173,"column":0},"end":{"line":173,"column":15}},"173":{"start":{"line":174,"column":0},"end":{"line":174,"column":5}},"174":{"start":{"line":175,"column":0},"end":{"line":175,"column":1}},"179":{"start":{"line":180,"column":0},"end":{"line":180,"column":66}},"181":{"start":{"line":182,"column":0},"end":{"line":182,"column":71}},"183":{"start":{"line":184,"column":0},"end":{"line":184,"column":32}},"184":{"start":{"line":185,"column":0},"end":{"line":185,"column":17}},"185":{"start":{"line":186,"column":0},"end":{"line":186,"column":3}},"187":{"start":{"line":188,"column":0},"end":{"line":188,"column":16}},"188":{"start":{"line":189,"column":0},"end":{"line":189,"column":17}},"189":{"start":{"line":190,"column":0},"end":{"line":190,"column":3}},"192":{"start":{"line":193,"column":0},"end":{"line":193,"column":34}},"193":{"start":{"line":194,"column":0},"end":{"line":194,"column":16}},"194":{"start":{"line":195,"column":0},"end":{"line":195,"column":3}},"196":{"start":{"line":197,"column":0},"end":{"line":197,"column":39}},"197":{"start":{"line":198,"column":0},"end":{"line":198,"column":1}},"202":{"start":{"line":203,"column":0},"end":{"line":203,"column":70}},"203":{"start":{"line":204,"column":0},"end":{"line":204,"column":62}},"204":{"start":{"line":205,"column":0},"end":{"line":205,"column":129}},"205":{"start":{"line":206,"column":0},"end":{"line":206,"column":3}},"206":{"start":{"line":207,"column":0},"end":{"line":207,"column":1}},"211":{"start":{"line":212,"column":0},"end":{"line":212,"column":68}},"212":{"start":{"line":213,"column":0},"end":{"line":213,"column":7}},"213":{"start":{"line":214,"column":0},"end":{"line":214,"column":31}},"214":{"start":{"line":215,"column":0},"end":{"line":215,"column":16}},"215":{"start":{"line":216,"column":0},"end":{"line":216,"column":11}},"216":{"start":{"line":217,"column":0},"end":{"line":217,"column":17}},"217":{"start":{"line":218,"column":0},"end":{"line":218,"column":3}},"218":{"start":{"line":219,"column":0},"end":{"line":219,"column":1}}},"s":{"1":1,"3":1,"4":1,"5":50,"6":50,"7":50,"8":1,"13":1,"14":1062,"15":0,"16":0,"18":1062,"21":1062,"22":8,"23":8,"25":1054,"26":1062,"27":1,"28":1,"30":1062,"31":1,"32":1,"35":1062,"36":5,"37":5,"39":1047,"40":1062,"41":4,"42":4,"45":1062,"46":3,"47":3,"49":1040,"50":1062,"51":2,"52":2,"55":1062,"56":2,"57":2,"60":1036,"61":1062,"62":1013,"63":1,"64":1,"66":1012,"67":1013,"68":1,"69":1013,"70":4,"71":4,"72":1013,"74":1031,"75":1031,"76":1031,"77":1031,"78":1031,"79":1031,"80":1031,"85":1,"86":21,"87":7,"88":7,"90":14,"92":21,"93":3,"94":3,"96":11,"97":11,"99":21,"100":1014,"101":1014,"104":1014,"105":1014,"106":1,"107":1,"108":1008,"110":1008,"111":1014,"112":6,"113":6,"114":6,"115":0,"116":0,"117":1014,"119":5,"120":5,"125":1,"126":0,"127":0,"128":0,"130":0,"133":0,"134":0,"135":0,"136":0,"139":0,"140":0,"142":0,"143":0,"144":0,"145":0,"146":0,"147":0,"148":0,"149":0,"151":0,"152":0,"153":0,"154":0,"155":0,"156":0,"157":0,"158":0,"161":0,"162":0,"163":0,"164":0,"165":0,"168":0,"169":0,"170":0,"171":0,"172":0,"173":0,"174":0,"179":1,"181":1038,"183":1038,"184":0,"185":0,"187":1038,"188":0,"189":0,"192":1038,"193":1,"194":1,"196":1037,"197":1037,"202":1,"203":3,"204":2,"205":2,"206":3,"211":1,"212":7,"213":7,"214":7,"215":7,"216":6,"217":6,"218":7},"branchMap":{"0":{"type":"branch","line":5,"loc":{"start":{"line":5,"column":2},"end":{"line":8,"column":3}},"locations":[{"start":{"line":5,"column":2},"end":{"line":8,"column":3}}]},"1":{"type":"branch","line":14,"loc":{"start":{"line":14,"column":7},"end":{"line":81,"column":1}},"locations":[{"start":{"line":14,"column":7},"end":{"line":81,"column":1}}]},"2":{"type":"branch","line":15,"loc":{"start":{"line":15,"column":49},"end":{"line":17,"column":3}},"locations":[{"start":{"line":15,"column":49},"end":{"line":17,"column":3}}]},"3":{"type":"branch","line":22,"loc":{"start":{"line":22,"column":13},"end":{"line":22,"column":53}},"locations":[{"start":{"line":22,"column":13},"end":{"line":22,"column":53}}]},"4":{"type":"branch","line":22,"loc":{"start":{"line":22,"column":53},"end":{"line":24,"column":3}},"locations":[{"start":{"line":22,"column":53},"end":{"line":24,"column":3}}]},"5":{"type":"branch","line":24,"loc":{"start":{"line":24,"column":2},"end":{"line":27,"column":25}},"locations":[{"start":{"line":24,"column":2},"end":{"line":27,"column":25}}]},"6":{"type":"branch","line":27,"loc":{"start":{"line":27,"column":25},"end":{"line":29,"column":3}},"locations":[{"start":{"line":27,"column":25},"end":{"line":29,"column":3}}]},"7":{"type":"branch","line":29,"loc":{"start":{"line":29,"column":2},"end":{"line":31,"column":55}},"locations":[{"start":{"line":29,"column":2},"end":{"line":31,"column":55}}]},"8":{"type":"branch","line":31,"loc":{"start":{"line":31,"column":55},"end":{"line":33,"column":3}},"locations":[{"start":{"line":31,"column":55},"end":{"line":33,"column":3}}]},"9":{"type":"branch","line":33,"loc":{"start":{"line":33,"column":2},"end":{"line":36,"column":22}},"locations":[{"start":{"line":33,"column":2},"end":{"line":36,"column":22}}]},"10":{"type":"branch","line":36,"loc":{"start":{"line":36,"column":13},"end":{"line":36,"column":55}},"locations":[{"start":{"line":36,"column":13},"end":{"line":36,"column":55}}]},"11":{"type":"branch","line":36,"loc":{"start":{"line":36,"column":55},"end":{"line":38,"column":3}},"locations":[{"start":{"line":36,"column":55},"end":{"line":38,"column":3}}]},"12":{"type":"branch","line":38,"loc":{"start":{"line":38,"column":2},"end":{"line":41,"column":45}},"locations":[{"start":{"line":38,"column":2},"end":{"line":41,"column":45}}]},"13":{"type":"branch","line":41,"loc":{"start":{"line":41,"column":32},"end":{"line":41,"column":82}},"locations":[{"start":{"line":41,"column":32},"end":{"line":41,"column":82}}]},"14":{"type":"branch","line":41,"loc":{"start":{"line":41,"column":82},"end":{"line":43,"column":3}},"locations":[{"start":{"line":41,"column":82},"end":{"line":43,"column":3}}]},"15":{"type":"branch","line":43,"loc":{"start":{"line":43,"column":2},"end":{"line":46,"column":20}},"locations":[{"start":{"line":43,"column":2},"end":{"line":46,"column":20}}]},"16":{"type":"branch","line":46,"loc":{"start":{"line":46,"column":13},"end":{"line":46,"column":51}},"locations":[{"start":{"line":46,"column":13},"end":{"line":46,"column":51}}]},"17":{"type":"branch","line":46,"loc":{"start":{"line":46,"column":51},"end":{"line":48,"column":3}},"locations":[{"start":{"line":46,"column":51},"end":{"line":48,"column":3}}]},"18":{"type":"branch","line":48,"loc":{"start":{"line":48,"column":2},"end":{"line":51,"column":41}},"locations":[{"start":{"line":48,"column":2},"end":{"line":51,"column":41}}]},"19":{"type":"branch","line":51,"loc":{"start":{"line":51,"column":30},"end":{"line":51,"column":74}},"locations":[{"start":{"line":51,"column":30},"end":{"line":51,"column":74}}]},"20":{"type":"branch","line":51,"loc":{"start":{"line":51,"column":74},"end":{"line":53,"column":3}},"locations":[{"start":{"line":51,"column":74},"end":{"line":53,"column":3}}]},"21":{"type":"branch","line":53,"loc":{"start":{"line":53,"column":2},"end":{"line":56,"column":32}},"locations":[{"start":{"line":53,"column":2},"end":{"line":56,"column":32}}]},"22":{"type":"branch","line":56,"loc":{"start":{"line":56,"column":32},"end":{"line":58,"column":3}},"locations":[{"start":{"line":56,"column":32},"end":{"line":58,"column":3}}]},"23":{"type":"branch","line":58,"loc":{"start":{"line":58,"column":2},"end":{"line":62,"column":39}},"locations":[{"start":{"line":58,"column":2},"end":{"line":62,"column":39}}]},"24":{"type":"branch","line":62,"loc":{"start":{"line":62,"column":39},"end":{"line":73,"column":3}},"locations":[{"start":{"line":62,"column":39},"end":{"line":73,"column":3}}]},"25":{"type":"branch","line":63,"loc":{"start":{"line":63,"column":47},"end":{"line":65,"column":5}},"locations":[{"start":{"line":63,"column":47},"end":{"line":65,"column":5}}]},"26":{"type":"branch","line":65,"loc":{"start":{"line":65,"column":4},"end":{"line":68,"column":34}},"locations":[{"start":{"line":65,"column":4},"end":{"line":68,"column":34}}]},"27":{"type":"branch","line":68,"loc":{"start":{"line":68,"column":34},"end":{"line":70,"column":15}},"locations":[{"start":{"line":68,"column":34},"end":{"line":70,"column":15}}]},"28":{"type":"branch","line":70,"loc":{"start":{"line":70,"column":4},"end":{"line":72,"column":5}},"locations":[{"start":{"line":70,"column":4},"end":{"line":72,"column":5}}]},"29":{"type":"branch","line":70,"loc":{"start":{"line":70,"column":53},"end":{"line":72,"column":5}},"locations":[{"start":{"line":70,"column":53},"end":{"line":72,"column":5}}]},"30":{"type":"branch","line":73,"loc":{"start":{"line":73,"column":2},"end":{"line":81,"column":1}},"locations":[{"start":{"line":73,"column":2},"end":{"line":81,"column":1}}]},"31":{"type":"branch","line":86,"loc":{"start":{"line":86,"column":7},"end":{"line":121,"column":1}},"locations":[{"start":{"line":86,"column":7},"end":{"line":121,"column":1}}]},"32":{"type":"branch","line":87,"loc":{"start":{"line":87,"column":7},"end":{"line":87,"column":41}},"locations":[{"start":{"line":87,"column":7},"end":{"line":87,"column":41}}]},"33":{"type":"branch","line":87,"loc":{"start":{"line":87,"column":41},"end":{"line":89,"column":3}},"locations":[{"start":{"line":87,"column":41},"end":{"line":89,"column":3}}]},"34":{"type":"branch","line":89,"loc":{"start":{"line":89,"column":2},"end":{"line":93,"column":46}},"locations":[{"start":{"line":89,"column":2},"end":{"line":93,"column":46}}]},"35":{"type":"branch","line":93,"loc":{"start":{"line":93,"column":46},"end":{"line":95,"column":3}},"locations":[{"start":{"line":93,"column":46},"end":{"line":95,"column":3}}]},"36":{"type":"branch","line":95,"loc":{"start":{"line":95,"column":2},"end":{"line":100,"column":58}},"locations":[{"start":{"line":95,"column":2},"end":{"line":100,"column":58}}]},"37":{"type":"branch","line":100,"loc":{"start":{"line":100,"column":58},"end":{"line":118,"column":3}},"locations":[{"start":{"line":100,"column":58},"end":{"line":118,"column":3}}]},"38":{"type":"branch","line":106,"loc":{"start":{"line":106,"column":41},"end":{"line":108,"column":7}},"locations":[{"start":{"line":106,"column":41},"end":{"line":108,"column":7}}]},"39":{"type":"branch","line":108,"loc":{"start":{"line":108,"column":6},"end":{"line":112,"column":13}},"locations":[{"start":{"line":108,"column":6},"end":{"line":112,"column":13}}]},"40":{"type":"branch","line":112,"loc":{"start":{"line":112,"column":4},"end":{"line":117,"column":5}},"locations":[{"start":{"line":112,"column":4},"end":{"line":117,"column":5}}]},"41":{"type":"branch","line":114,"loc":{"start":{"line":114,"column":119},"end":{"line":114,"column":129}},"locations":[{"start":{"line":114,"column":119},"end":{"line":114,"column":129}}]},"42":{"type":"branch","line":115,"loc":{"start":{"line":115,"column":6},"end":{"line":117,"column":5}},"locations":[{"start":{"line":115,"column":6},"end":{"line":117,"column":5}}]},"43":{"type":"branch","line":118,"loc":{"start":{"line":118,"column":2},"end":{"line":121,"column":1}},"locations":[{"start":{"line":118,"column":2},"end":{"line":121,"column":1}}]},"44":{"type":"branch","line":180,"loc":{"start":{"line":180,"column":7},"end":{"line":198,"column":1}},"locations":[{"start":{"line":180,"column":7},"end":{"line":198,"column":1}}]},"45":{"type":"branch","line":184,"loc":{"start":{"line":184,"column":31},"end":{"line":186,"column":3}},"locations":[{"start":{"line":184,"column":31},"end":{"line":186,"column":3}}]},"46":{"type":"branch","line":188,"loc":{"start":{"line":188,"column":15},"end":{"line":190,"column":3}},"locations":[{"start":{"line":188,"column":15},"end":{"line":190,"column":3}}]},"47":{"type":"branch","line":193,"loc":{"start":{"line":193,"column":16},"end":{"line":193,"column":33}},"locations":[{"start":{"line":193,"column":16},"end":{"line":193,"column":33}}]},"48":{"type":"branch","line":193,"loc":{"start":{"line":193,"column":33},"end":{"line":195,"column":3}},"locations":[{"start":{"line":193,"column":33},"end":{"line":195,"column":3}}]},"49":{"type":"branch","line":195,"loc":{"start":{"line":195,"column":2},"end":{"line":198,"column":1}},"locations":[{"start":{"line":195,"column":2},"end":{"line":198,"column":1}}]},"50":{"type":"branch","line":203,"loc":{"start":{"line":203,"column":7},"end":{"line":207,"column":1}},"locations":[{"start":{"line":203,"column":7},"end":{"line":207,"column":1}}]},"51":{"type":"branch","line":204,"loc":{"start":{"line":204,"column":61},"end":{"line":206,"column":3}},"locations":[{"start":{"line":204,"column":61},"end":{"line":206,"column":3}}]},"52":{"type":"branch","line":212,"loc":{"start":{"line":212,"column":7},"end":{"line":219,"column":1}},"locations":[{"start":{"line":212,"column":7},"end":{"line":219,"column":1}}]},"53":{"type":"branch","line":216,"loc":{"start":{"line":216,"column":2},"end":{"line":218,"column":3}},"locations":[{"start":{"line":216,"column":2},"end":{"line":218,"column":3}}]}},"b":{"0":[50],"1":[1062],"2":[0],"3":[1056],"4":[8],"5":[1054],"6":[1],"7":[1053],"8":[1],"9":[1052],"10":[1050],"11":[5],"12":[1047],"13":[1046],"14":[4],"15":[1043],"16":[1041],"17":[3],"18":[1040],"19":[1039],"20":[2],"21":[1038],"22":[2],"23":[1036],"24":[1013],"25":[1],"26":[1012],"27":[1],"28":[1011],"29":[4],"30":[1031],"31":[21],"32":[17],"33":[7],"34":[14],"35":[3],"36":[11],"37":[1014],"38":[1],"39":[1008],"40":[6],"41":[0],"42":[0],"43":[5],"44":[1038],"45":[0],"46":[0],"47":[89],"48":[1],"49":[1037],"50":[3],"51":[2],"52":[7],"53":[6]},"fnMap":{"0":{"name":"ValidationError","decl":{"start":{"line":5,"column":2},"end":{"line":8,"column":3}},"loc":{"start":{"line":5,"column":2},"end":{"line":8,"column":3}},"line":5},"1":{"name":"validateBirthdayEntry","decl":{"start":{"line":14,"column":7},"end":{"line":81,"column":1}},"loc":{"start":{"line":14,"column":7},"end":{"line":81,"column":1}},"line":14},"2":{"name":"validateBirthdayData","decl":{"start":{"line":86,"column":7},"end":{"line":121,"column":1}},"loc":{"start":{"line":86,"column":7},"end":{"line":121,"column":1}},"line":86},"3":{"name":"sanitizeBirthdayInput","decl":{"start":{"line":126,"column":7},"end":{"line":175,"column":1}},"loc":{"start":{"line":126,"column":7},"end":{"line":175,"column":1}},"line":126},"4":{"name":"isValidDate","decl":{"start":{"line":180,"column":7},"end":{"line":198,"column":1}},"loc":{"start":{"line":180,"column":7},"end":{"line":198,"column":1}},"line":180},"5":{"name":"validateBirthdayDataLimits","decl":{"start":{"line":203,"column":7},"end":{"line":207,"column":1}},"loc":{"start":{"line":203,"column":7},"end":{"line":207,"column":1}},"line":203},"6":{"name":"validateBirthdayDataSchema","decl":{"start":{"line":212,"column":7},"end":{"line":219,"column":1}},"loc":{"start":{"line":212,"column":7},"end":{"line":219,"column":1}},"line":212}},"f":{"0":50,"1":1062,"2":21,"3":0,"4":1038,"5":3,"6":7}}
}
